SF:lib\data\models\chat_model.dart
DA:63,2
DA:85,2
DA:86,2
DA:87,2
DA:88,2
DA:89,2
DA:90,2
DA:91,2
DA:92,2
DA:93,2
DA:94,2
DA:95,2
DA:96,2
DA:97,2
DA:98,2
DA:99,2
DA:100,2
DA:101,2
DA:102,2
DA:103,2
DA:104,4
DA:105,3
DA:106,2
DA:111,0
DA:112,0
DA:113,0
DA:114,0
DA:115,0
DA:116,0
DA:117,0
DA:118,0
DA:119,0
DA:120,0
DA:121,0
DA:122,0
DA:124,0
DA:125,0
DA:126,0
DA:127,0
DA:128,0
DA:129,0
DA:130,0
DA:132,0
DA:137,0
DA:147,0
DA:148,0
DA:149,0
DA:150,0
DA:151,0
DA:152,0
DA:153,0
DA:154,0
DA:155,0
DA:156,0
DA:157,0
DA:158,0
DA:159,0
DA:160,0
DA:161,0
DA:162,0
DA:163,0
DA:164,0
DA:165,0
DA:170,0
DA:173,0
DA:174,0
DA:175,0
LF:67
LH:23
end_of_record
SF:lib\data\models\message_model.dart
DA:54,2
DA:68,2
DA:69,2
DA:70,2
DA:71,2
DA:72,2
DA:73,2
DA:74,2
DA:75,2
DA:76,2
DA:77,8
DA:78,0
DA:80,4
DA:81,2
DA:82,2
DA:83,2
DA:84,0
DA:90,1
DA:91,1
DA:92,1
DA:93,1
DA:94,1
DA:95,1
DA:96,2
DA:97,2
DA:98,1
DA:99,1
DA:100,1
DA:105,0
DA:109,0
DA:110,0
DA:111,0
DA:112,0
DA:113,0
DA:114,0
DA:115,0
DA:116,0
DA:117,0
DA:118,0
DA:120,0
DA:125,0
DA:128,1
DA:132,1
DA:139,1
LF:44
LH:29
end_of_record
SF:lib\data\models\subscription_plan_model.dart
DA:14,3
DA:26,3
DA:27,3
DA:29,3
DA:30,3
DA:31,6
DA:32,3
DA:33,7
DA:34,3
DA:35,3
DA:36,4
DA:37,1
DA:42,1
DA:43,1
DA:44,1
DA:45,1
DA:46,1
DA:47,1
DA:48,1
DA:49,1
DA:50,2
DA:55,0
DA:63,0
DA:64,0
DA:65,0
DA:66,0
DA:67,0
DA:68,0
DA:69,0
DA:70,0
DA:71,0
LF:31
LH:21
end_of_record
SF:lib\core\constants\app_constants.dart
DA:12,0
DA:13,0
DA:16,1
DA:17,2
DA:19,0
DA:20,0
DA:22,0
DA:23,0
DA:31,0
DA:32,0
DA:33,0
DA:34,0
DA:35,0
DA:36,0
DA:39,0
DA:40,0
DA:91,0
DA:114,0
DA:115,0
DA:116,0
DA:118,0
DA:119,0
DA:120,0
DA:122,0
DA:123,0
DA:125,0
DA:126,0
DA:131,0
DA:137,0
DA:140,0
DA:141,0
DA:142,0
DA:143,0
DA:149,0
DA:150,0
DA:151,0
DA:178,0
DA:211,4
DA:213,4
DA:215,4
DA:217,0
DA:222,0
DA:224,0
DA:226,0
DA:228,0
DA:237,4
DA:239,4
DA:241,1
DA:243,1
DA:245,0
DA:247,0
DA:253,0
DA:255,0
DA:257,0
DA:259,0
DA:261,0
DA:263,0
DA:269,0
DA:270,0
DA:274,0
DA:275,0
DA:279,0
DA:281,0
DA:283,0
DA:285,0
DA:287,0
DA:289,0
DA:296,4
DA:298,4
DA:300,1
DA:302,0
DA:307,0
DA:309,0
DA:311,0
DA:313,0
LF:75
LH:12
end_of_record
SF:lib\data\services\remote_config_service.dart
DA:29,3
DA:31,2
DA:33,1
DA:35,1
DA:38,2
DA:39,1
DA:46,1
DA:47,1
DA:54,3
DA:95,2
DA:96,1
DA:108,2
DA:110,1
DA:111,2
DA:113,0
DA:115,0
DA:121,1
DA:123,2
DA:125,0
DA:132,2
DA:134,4
DA:136,0
DA:143,2
DA:145,4
DA:147,0
DA:153,1
DA:155,2
DA:157,0
DA:171,1
DA:173,1
DA:174,2
DA:176,0
DA:188,1
DA:190,3
DA:191,3
DA:194,2
DA:195,3
DA:196,4
DA:200,0
DA:207,0
DA:209,0
DA:210,0
DA:212,0
DA:217,0
DA:218,0
DA:219,0
LF:46
LH:31
end_of_record
SF:lib\data\models\category_model.dart
DA:18,3
DA:29,2
DA:30,2
DA:31,2
DA:32,2
DA:33,3
DA:34,3
DA:35,2
DA:36,2
DA:37,2
DA:38,2
DA:43,1
DA:44,1
DA:45,1
DA:46,1
DA:47,1
DA:48,1
DA:49,1
DA:50,1
DA:55,0
DA:63,0
DA:64,0
DA:65,0
DA:66,0
DA:67,0
DA:68,0
DA:69,0
DA:70,0
DA:75,4
DA:81,1
DA:82,1
DA:83,0
DA:85,3
LF:33
LH:23
end_of_record
SF:lib\presentation\providers\locale_provider.dart
DA:9,4
DA:11,2
DA:12,2
DA:15,2
DA:16,2
DA:17,2
DA:20,2
DA:22,1
DA:26,1
DA:27,2
DA:29,1
DA:30,1
DA:31,1
DA:32,2
DA:34,1
LF:15
LH:15
end_of_record
SF:lib\data\models\city_model.dart
DA:14,2
DA:23,0
DA:24,0
DA:25,0
DA:26,0
DA:27,0
DA:28,0
DA:29,0
DA:30,0
DA:35,0
DA:36,0
DA:37,0
DA:38,0
DA:39,0
DA:40,0
DA:45,1
DA:51,1
DA:52,1
DA:53,1
DA:54,1
DA:55,1
DA:56,1
DA:63,1
DA:64,1
DA:65,0
DA:67,3
LF:26
LH:11
end_of_record
SF:lib\data\models\service_request_model.dart
DA:54,1
DA:56,1
DA:58,1
DA:60,1
DA:62,1
DA:64,1
DA:66,0
DA:68,0
DA:70,0
DA:76,2
DA:78,2
DA:80,2
DA:82,2
DA:84,2
DA:86,2
DA:88,0
DA:90,0
DA:92,0
DA:98,0
DA:100,0
DA:102,0
DA:104,0
DA:106,0
DA:108,0
DA:110,0
DA:112,0
DA:114,0
DA:120,0
DA:122,0
DA:124,0
DA:126,0
DA:128,0
DA:130,0
DA:132,0
DA:134,0
DA:136,0
DA:142,0
DA:143,0
DA:144,0
DA:145,0
DA:149,1
DA:150,1
DA:151,1
DA:152,1
DA:153,1
DA:210,4
DA:244,3
DA:247,3
DA:248,3
DA:249,3
DA:250,3
DA:251,3
DA:252,3
DA:253,3
DA:254,3
DA:255,3
DA:256,6
DA:257,3
DA:258,6
DA:259,3
DA:260,9
DA:261,6
DA:262,3
DA:263,3
DA:264,3
DA:265,3
DA:266,3
DA:267,3
DA:268,3
DA:269,3
DA:270,3
DA:271,6
DA:272,3
DA:273,3
DA:274,3
DA:275,3
DA:276,3
DA:277,3
DA:282,1
DA:283,1
DA:284,1
DA:285,1
DA:286,1
DA:287,1
DA:288,1
DA:289,1
DA:290,1
DA:291,1
DA:292,1
DA:293,1
DA:294,1
DA:295,2
DA:296,1
DA:297,1
DA:298,1
DA:299,1
DA:300,1
DA:301,1
DA:302,1
DA:303,1
DA:304,1
DA:305,2
DA:306,1
DA:307,1
DA:309,1
DA:310,1
DA:312,1
DA:313,1
DA:319,1
DA:350,1
DA:351,1
DA:352,1
DA:353,1
DA:354,1
DA:355,1
DA:356,1
DA:357,1
DA:358,1
DA:359,1
DA:360,1
DA:361,1
DA:362,1
DA:363,0
DA:364,1
DA:366,1
DA:367,1
DA:368,1
DA:369,1
DA:370,1
DA:371,1
DA:372,1
DA:373,0
DA:374,1
DA:375,1
DA:376,1
DA:377,1
DA:378,1
DA:379,1
DA:380,1
DA:385,3
DA:387,3
DA:389,1
DA:391,1
DA:393,1
DA:395,0
DA:397,0
DA:399,0
DA:401,0
DA:410,2
DA:411,2
DA:412,2
DA:414,2
DA:415,2
DA:416,1
DA:418,0
DA:419,0
DA:420,1
DA:422,0
DA:423,0
DA:424,1
DA:426,1
DA:427,1
DA:429,1
DA:430,1
DA:431,1
DA:432,1
DA:433,1
DA:439,0
DA:441,0
LF:169
LH:129
end_of_record
SF:lib\data\repositories\category_repository.dart
DA:16,2
DA:17,0
DA:19,3
DA:24,2
DA:27,8
DA:30,1
DA:33,2
DA:36,8
DA:41,8
DA:42,4
DA:43,4
DA:45,0
DA:50,0
DA:54,0
DA:55,0
DA:57,0
DA:59,0
DA:60,0
DA:61,0
DA:62,0
DA:63,0
DA:64,0
DA:65,0
DA:66,0
DA:68,0
DA:71,0
DA:74,0
DA:82,1
DA:85,1
DA:86,2
DA:87,1
DA:88,1
DA:91,1
DA:94,1
DA:97,5
DA:101,6
DA:102,2
DA:103,2
DA:106,0
DA:107,0
DA:112,0
DA:115,0
DA:116,0
DA:118,0
DA:120,0
DA:121,0
DA:122,0
DA:123,0
DA:124,0
DA:125,0
DA:126,0
DA:127,0
DA:129,0
DA:133,0
DA:134,0
DA:137,0
DA:144,1
DA:146,2
DA:147,1
DA:149,1
DA:150,2
DA:151,1
DA:152,1
DA:155,1
DA:158,2
DA:159,1
DA:160,2
DA:161,3
DA:163,3
DA:165,1
DA:167,0
DA:170,1
DA:174,6
DA:175,2
DA:176,1
DA:177,1
DA:180,0
DA:181,0
DA:186,0
DA:187,0
DA:189,0
DA:190,0
DA:192,0
DA:194,0
DA:195,0
DA:196,0
DA:197,0
DA:198,0
DA:199,0
DA:200,0
DA:201,0
DA:203,0
DA:207,0
DA:208,0
DA:211,0
DA:216,1
DA:220,1
DA:221,2
DA:222,2
DA:223,2
DA:226,0
DA:231,1
DA:233,1
DA:234,2
DA:235,2
DA:236,2
DA:239,0
DA:247,1
DA:250,6
DA:255,0
DA:263,1
DA:265,5
DA:268,0
DA:273,0
DA:274,0
DA:277,0
DA:278,0
DA:279,0
DA:281,0
DA:282,0
DA:283,0
DA:294,1
DA:295,1
DA:296,1
DA:298,1
DA:299,1
DA:300,0
DA:301,0
DA:302,0
LF:129
LH:59
end_of_record
SF:lib\data\services\database\local_database_helper.dart
DA:14,3
DA:15,0
DA:17,3
DA:24,0
DA:26,0
DA:29,0
DA:33,0
DA:35,0
DA:36,0
DA:38,0
DA:41,0
DA:44,0
DA:49,0
DA:51,0
DA:72,0
DA:80,0
DA:88,0
DA:89,0
DA:91,0
DA:100,0
DA:101,0
DA:103,0
DA:109,0
DA:110,0
DA:116,0
DA:117,0
DA:119,0
DA:127,0
DA:128,0
DA:130,0
DA:132,0
DA:135,0
DA:142,0
DA:143,0
DA:145,0
DA:148,0
DA:152,0
DA:153,0
DA:159,0
DA:160,0
DA:162,0
DA:165,0
DA:170,0
DA:171,0
DA:173,0
LF:45
LH:2
end_of_record
SF:lib\data\repositories\city_repository.dart
DA:15,1
DA:16,0
DA:18,3
DA:20,0
DA:24,0
DA:25,0
DA:26,0
DA:30,0
DA:31,0
DA:32,0
DA:33,0
DA:34,0
DA:35,0
DA:36,0
DA:41,1
DA:43,4
DA:46,0
DA:49,1
DA:50,1
DA:51,1
DA:52,1
DA:56,2
DA:57,4
DA:62,0
DA:67,0
DA:68,0
DA:70,0
DA:72,0
DA:73,0
DA:76,0
DA:85,0
DA:86,0
DA:87,0
DA:88,0
DA:89,0
DA:93,0
DA:94,0
DA:95,0
DA:96,0
DA:97,0
DA:101,0
DA:102,0
DA:103,0
DA:104,0
DA:105,0
DA:109,0
DA:110,0
DA:118,0
DA:119,0
DA:122,0
DA:123,0
DA:124,0
DA:126,0
DA:127,0
DA:128,0
DA:135,1
DA:136,1
DA:137,1
DA:139,1
DA:140,1
DA:141,0
DA:142,0
DA:143,0
LF:63
LH:15
end_of_record
SF:lib\data\services\service_request_service.dart
DA:34,1
DA:37,0
DA:38,0
DA:43,0
DA:49,0
DA:50,0
DA:53,0
DA:54,0
DA:55,0
DA:57,0
DA:58,0
DA:60,0
DA:61,0
DA:63,0
DA:64,0
DA:68,0
DA:71,0
DA:77,0
DA:78,0
DA:81,0
DA:82,0
DA:84,0
DA:86,0
DA:87,0
DA:89,0
DA:91,0
DA:93,0
DA:94,0
DA:98,0
DA:101,0
DA:108,0
DA:111,0
DA:117,0
DA:118,0
DA:123,0
DA:124,0
DA:126,0
DA:127,0
DA:128,0
DA:130,0
DA:131,0
DA:132,0
DA:133,0
DA:136,0
DA:137,0
DA:139,0
DA:140,0
DA:143,0
DA:146,0
DA:147,0
DA:148,0
DA:152,0
DA:153,0
DA:154,0
DA:160,0
DA:161,0
DA:166,0
DA:167,0
DA:171,0
DA:172,0
DA:182,0
DA:185,0
DA:186,0
DA:187,0
DA:190,0
DA:191,0
DA:212,0
DA:229,0
DA:230,0
DA:231,0
DA:232,0
DA:235,0
DA:236,0
DA:250,0
DA:251,0
DA:252,0
DA:255,0
DA:257,0
DA:261,0
DA:262,0
DA:263,0
DA:265,0
DA:281,1
DA:282,2
DA:283,1
DA:284,3
DA:285,3
DA:286,3
DA:287,1
DA:309,1
DA:311,1
DA:314,4
DA:315,1
DA:317,1
DA:318,1
DA:320,2
DA:324,1
DA:326,0
DA:332,1
DA:335,4
DA:337,1
DA:338,1
DA:342,0
DA:349,0
DA:350,0
DA:351,0
DA:352,0
DA:353,0
DA:354,0
DA:355,0
DA:356,0
DA:359,0
DA:360,0
DA:371,0
DA:373,0
DA:374,0
DA:375,0
DA:376,0
DA:377,0
DA:378,0
DA:379,0
DA:380,0
DA:381,0
DA:382,0
DA:383,0
DA:384,0
DA:390,0
DA:394,0
DA:395,0
DA:396,0
DA:397,0
DA:398,0
DA:399,0
DA:400,0
DA:401,0
DA:402,0
DA:403,0
DA:404,0
DA:405,0
DA:406,0
DA:417,0
DA:424,0
DA:425,0
DA:426,0
DA:428,0
DA:429,0
DA:430,0
DA:433,0
DA:435,0
DA:439,0
DA:444,0
DA:452,0
DA:453,0
DA:457,0
DA:458,0
DA:459,0
DA:460,0
DA:461,0
DA:462,0
DA:464,0
DA:465,0
DA:466,0
DA:469,0
DA:472,0
DA:473,0
DA:477,0
DA:479,0
DA:480,0
DA:481,0
DA:485,0
DA:486,0
DA:487,0
DA:495,0
DA:499,0
DA:507,0
DA:508,0
DA:509,0
DA:510,0
DA:511,0
DA:512,0
DA:514,0
DA:515,0
DA:516,0
DA:518,0
DA:519,0
DA:525,0
DA:526,0
DA:532,0
DA:533,0
DA:534,0
DA:539,0
DA:545,0
DA:546,0
DA:547,0
DA:548,0
DA:549,0
DA:554,0
DA:555,0
DA:556,0
DA:557,0
DA:558,0
DA:559,0
DA:560,0
DA:561,0
DA:564,0
DA:565,0
DA:566,0
DA:567,0
DA:568,0
DA:569,0
DA:571,0
DA:572,0
DA:573,0
DA:574,0
DA:578,0
DA:579,0
DA:580,0
DA:582,0
DA:583,0
DA:587,0
DA:588,0
DA:589,0
DA:590,0
DA:593,0
DA:598,0
DA:599,0
DA:600,0
DA:601,0
DA:602,0
DA:609,0
DA:610,0
DA:611,0
DA:612,0
DA:613,0
DA:614,0
DA:616,0
DA:617,0
DA:618,0
DA:646,0
DA:648,0
DA:649,0
DA:650,0
DA:651,0
DA:653,0
DA:658,0
DA:659,0
DA:660,0
DA:661,0
DA:662,0
DA:663,0
DA:665,0
DA:669,0
DA:676,0
DA:677,0
DA:682,0
DA:684,0
DA:685,0
DA:686,0
DA:687,0
DA:689,0
DA:693,0
DA:694,0
DA:695,0
DA:696,0
DA:697,0
DA:698,0
DA:702,0
DA:708,0
DA:709,0
DA:725,0
DA:734,0
DA:735,0
DA:736,0
DA:737,0
DA:738,0
DA:739,0
DA:741,0
DA:742,0
DA:748,0
DA:751,0
DA:754,0
DA:755,0
DA:756,0
DA:759,0
DA:762,0
DA:763,0
DA:773,0
DA:776,0
DA:777,0
DA:778,0
DA:779,0
DA:780,0
DA:781,0
DA:782,0
DA:783,0
DA:785,0
DA:788,0
DA:791,0
DA:795,0
DA:796,0
DA:800,0
DA:813,0
DA:829,0
DA:830,0
DA:843,0
DA:844,0
DA:845,0
DA:848,0
DA:850,0
DA:854,0
DA:855,0
DA:856,0
DA:857,0
DA:859,0
DA:860,0
LF:315
LH:20
end_of_record
SF:lib\app\theme\app_color_system.dart
DA:12,0
DA:19,0
DA:23,0
DA:27,0
DA:31,0
DA:46,0
DA:49,0
DA:52,0
DA:55,0
DA:56,0
DA:59,0
DA:61,0
DA:64,0
DA:66,0
DA:69,0
DA:72,0
DA:73,0
DA:90,0
DA:93,0
DA:96,0
DA:97,0
DA:99,0
DA:100,0
DA:102,0
DA:103,0
DA:105,0
DA:106,0
DA:116,0
DA:119,0
DA:122,0
DA:140,0
DA:141,0
DA:143,0
DA:152,0
DA:153,0
DA:154,0
DA:155,0
DA:156,0
DA:158,0
DA:159,0
DA:160,0
DA:162,0
DA:163,0
DA:164,0
DA:166,0
DA:167,0
DA:168,0
DA:176,0
DA:182,0
DA:183,0
DA:184,0
DA:196,0
DA:197,0
DA:199,0
DA:200,0
DA:202,0
DA:203,0
DA:218,0
DA:227,0
DA:229,0
DA:232,0
DA:233,0
DA:247,0
DA:250,0
DA:258,0
DA:261,0
DA:263,0
DA:273,0
DA:274,0
DA:275,0
DA:276,0
DA:278,0
DA:279,0
DA:281,0
DA:282,0
DA:294,0
DA:296,0
DA:297,0
DA:300,0
DA:301,0
DA:303,0
DA:308,0
DA:310,0
DA:311,0
DA:312,0
DA:314,0
DA:324,0
DA:325,0
DA:328,0
DA:329,0
DA:330,0
DA:333,0
DA:334,0
DA:335,0
DA:336,0
DA:337,0
DA:340,0
DA:341,0
DA:342,0
DA:345,0
DA:346,0
DA:349,0
DA:350,0
DA:351,0
DA:354,0
DA:364,0
DA:365,0
DA:366,0
DA:367,0
DA:368,0
DA:373,0
DA:374,0
DA:375,0
DA:376,0
DA:391,0
DA:394,0
DA:396,0
DA:397,0
DA:399,0
DA:400,0
DA:403,0
DA:404,0
DA:406,0
DA:407,0
DA:409,0
DA:410,0
DA:412,0
DA:413,0
DA:416,0
DA:417,0
DA:419,0
DA:421,0
DA:424,0
DA:426,0
DA:429,0
DA:431,0
DA:433,0
DA:436,0
DA:437,0
DA:440,0
DA:441,0
DA:444,0
DA:447,0
LF:143
LH:0
end_of_record
SF:lib\app\theme\app_colors.dart
DA:16,0
DA:161,0
DA:162,0
DA:163,0
DA:164,0
DA:206,0
DA:209,0
DA:213,0
DA:217,0
DA:220,0
DA:224,0
DA:227,0
DA:230,0
DA:234,0
DA:238,0
DA:242,0
DA:245,0
DA:248,0
DA:252,0
DA:255,0
DA:259,0
DA:260,0
DA:261,0
DA:262,0
DA:263,0
DA:264,0
DA:265,0
DA:266,0
DA:267,0
DA:268,0
DA:269,0
DA:270,0
DA:271,0
DA:272,0
DA:273,0
DA:274,0
DA:275,0
DA:276,0
DA:277,0
DA:278,0
DA:279,0
DA:280,0
DA:281,0
DA:282,0
DA:283,0
DA:285,0
DA:287,0
DA:289,0
DA:292,0
DA:301,0
DA:304,0
DA:307,0
DA:310,0
DA:313,0
DA:316,0
DA:319,0
DA:322,0
DA:325,0
DA:328,0
DA:331,0
DA:334,0
DA:337,0
DA:341,0
DA:342,0
DA:343,0
DA:344,0
DA:345,0
DA:346,0
DA:349,0
DA:354,0
DA:355,0
DA:357,0
DA:358,0
DA:360,0
DA:361,0
DA:365,0
DA:366,0
DA:367,0
DA:369,0
DA:371,0
DA:373,0
DA:381,0
DA:382,0
LF:83
LH:0
end_of_record
SF:lib\app\theme\app_text_styles.dart
DA:14,0
DA:20,3
DA:26,1
DA:35,0
DA:40,0
DA:41,0
DA:42,0
DA:51,0
DA:56,0
DA:65,0
DA:70,0
DA:71,0
DA:72,0
DA:81,0
DA:88,0
DA:99,0
DA:107,0
DA:117,3
DA:125,0
DA:135,0
DA:143,0
DA:155,0
DA:163,0
DA:173,0
DA:181,0
DA:191,0
DA:199,0
DA:211,0
DA:218,0
DA:227,0
DA:234,0
DA:243,0
DA:250,0
DA:259,0
DA:266,0
DA:276,0
DA:277,0
DA:280,0
DA:281,0
DA:284,0
DA:285,0
DA:288,0
DA:289,0
DA:292,0
DA:293,0
DA:296,0
DA:297,0
DA:300,0
DA:301,0
DA:304,0
DA:305,0
DA:308,0
DA:309,0
DA:312,0
DA:315,0
DA:316,0
DA:319,0
DA:320,0
DA:323,0
DA:324,0
DA:331,0
DA:332,0
DA:333,0
DA:334,0
DA:335,0
DA:336,0
DA:337,0
DA:338,0
DA:339,0
DA:340,0
DA:341,0
DA:342,0
DA:343,0
DA:344,0
DA:345,0
DA:346,0
DA:347,0
DA:348,0
DA:349,0
DA:350,0
DA:351,0
DA:352,0
DA:353,0
DA:354,0
DA:355,0
DA:356,0
DA:357,0
DA:358,0
DA:360,0
DA:368,0
DA:371,0
DA:374,0
DA:377,0
DA:380,0
DA:383,0
DA:386,0
DA:389,0
DA:392,0
DA:395,0
DA:398,0
DA:401,0
DA:404,0
DA:407,0
DA:410,0
DA:413,0
DA:414,0
LF:106
LH:3
end_of_record
SF:lib\app\theme\design_tokens.dart
DA:35,0
DA:143,0
DA:144,0
DA:149,0
DA:150,0
DA:154,0
DA:159,0
DA:165,2
LF:8
LH:1
end_of_record
SF:lib\core\design\glass_morphism\styles\glass_style.dart
DA:26,0
DA:36,0
DA:40,0
DA:50,0
DA:54,0
DA:64,0
DA:68,0
DA:78,0
DA:86,0
DA:87,0
DA:88,0
DA:89,0
DA:90,0
DA:91,0
DA:92,0
DA:102,0
DA:105,0
DA:106,0
DA:107,0
DA:110,0
DA:114,0
DA:118,0
DA:124,0
DA:132,0
DA:137,0
LF:25
LH:0
end_of_record
SF:lib\core\design\glass_morphism\glass_morphism_theme.dart
DA:11,0
DA:14,0
DA:15,0
DA:16,0
DA:17,0
DA:20,0
DA:21,0
DA:22,0
DA:23,0
DA:24,0
DA:25,0
DA:28,0
DA:29,0
DA:32,0
DA:33,0
DA:36,0
DA:37,0
DA:40,0
DA:41,0
DA:45,0
DA:46,0
DA:48,0
DA:49,0
DA:50,0
DA:54,0
DA:55,0
DA:56,0
DA:62,0
DA:63,0
DA:67,0
DA:68,0
DA:69,0
DA:70,0
DA:72,0
DA:73,0
DA:79,0
DA:93,0
DA:94,0
DA:97,0
DA:100,0
DA:101,0
DA:108,0
DA:109,0
DA:112,0
DA:114,0
DA:115,0
DA:122,0
DA:123,0
DA:124,0
DA:125,0
LF:50
LH:0
end_of_record
SF:lib\core\design\glass_morphism\widgets\glass_container.dart
DA:48,5
DA:67,5
DA:69,15
DA:72,5
DA:73,10
DA:76,6
DA:77,6
DA:79,7
DA:82,0
DA:90,5
DA:101,1
DA:110,1
DA:112,0
DA:115,0
DA:117,0
DA:121,1
DA:131,0
DA:138,0
DA:139,0
DA:140,0
DA:141,0
DA:142,0
DA:144,0
DA:145,0
DA:146,0
DA:147,0
DA:148,0
DA:149,0
DA:151,0
DA:152,0
DA:153,0
DA:156,0
DA:158,0
DA:159,0
DA:160,0
DA:163,0
DA:164,0
DA:165,0
DA:176,5
DA:183,5
DA:185,5
DA:186,5
DA:187,5
DA:188,5
DA:189,5
DA:191,10
DA:192,5
DA:195,5
DA:196,5
DA:197,5
DA:199,0
DA:200,5
DA:201,5
DA:202,5
DA:207,5
DA:209,5
DA:210,5
DA:211,5
DA:213,5
DA:214,5
DA:215,5
DA:216,5
DA:224,0
DA:234,0
DA:235,0
DA:236,0
DA:237,0
DA:238,0
DA:243,0
DA:244,0
DA:254,0
DA:265,0
LF:72
LH:35
end_of_record
SF:lib\core\design\glass_morphism\widgets\glass_scaffold.dart
DA:40,6
DA:55,6
DA:57,18
DA:60,6
DA:61,12
DA:65,6
DA:66,0
DA:67,0
DA:68,6
DA:69,6
DA:70,6
DA:71,6
DA:72,6
DA:73,6
DA:77,0
DA:78,6
DA:83,0
DA:84,0
DA:86,0
DA:87,0
DA:88,0
DA:89,0
DA:91,0
DA:93,0
DA:94,0
DA:99,0
DA:101,0
DA:102,0
DA:120,0
DA:122,0
DA:123,0
DA:125,0
DA:126,0
DA:127,0
DA:128,0
DA:129,0
DA:130,0
DA:131,0
DA:134,0
DA:140,6
DA:142,6
DA:143,6
LF:42
LH:16
end_of_record
SF:lib\core\design\glass_morphism\widgets\gradient_background.dart
DA:13,0
DA:20,0
DA:22,0
DA:23,0
DA:25,0
DA:26,0
DA:27,0
DA:30,0
DA:36,0
DA:39,0
DA:40,0
DA:41,0
DA:47,0
DA:48,0
DA:50,0
DA:63,0
DA:70,0
DA:72,0
DA:73,0
DA:74,0
DA:75,0
DA:76,0
DA:77,0
DA:79,0
DA:80,0
DA:81,0
DA:82,0
LF:27
LH:0
end_of_record
SF:lib\core\design\glass_morphism\widgets\animated_hero_icon.dart
DA:12,6
DA:19,1
DA:20,1
DA:28,1
DA:30,1
DA:32,2
DA:34,2
DA:35,1
DA:38,2
DA:40,3
DA:41,2
DA:42,1
DA:47,1
DA:49,1
DA:50,1
DA:51,1
DA:54,1
DA:56,1
DA:57,1
DA:58,1
DA:60,1
DA:61,3
DA:62,2
LF:23
LH:23
end_of_record
SF:lib\presentation\providers\theme_provider.dart
DA:49,2
DA:52,2
DA:56,27
DA:59,3
DA:63,0
DA:64,0
DA:65,0
DA:67,0
DA:71,0
DA:77,7
DA:78,7
DA:81,7
DA:83,2
DA:87,7
DA:89,2
DA:92,7
DA:98,1
DA:99,2
DA:101,1
DA:102,1
DA:105,1
DA:106,2
DA:111,1
DA:113,1
DA:114,1
DA:117,1
DA:120,1
DA:124,1
DA:128,0
DA:129,0
DA:130,0
DA:132,0
DA:137,0
DA:138,0
DA:146,2
DA:147,4
DA:149,1
DA:150,1
DA:153,1
DA:154,2
DA:158,1
DA:159,2
DA:162,1
DA:166,0
DA:167,0
DA:173,0
DA:174,0
DA:176,0
DA:184,0
DA:185,0
DA:191,0
DA:192,0
DA:193,0
DA:195,0
DA:197,0
DA:203,0
DA:204,0
DA:208,0
DA:209,0
DA:215,0
DA:216,0
DA:217,0
DA:218,0
DA:224,1
DA:226,1
DA:228,1
DA:230,1
DA:236,1
DA:238,1
DA:240,0
DA:248,1
DA:249,1
DA:253,1
DA:254,1
LF:74
LH:42
end_of_record
SF:lib\core\keys.dart
DA:5,0
LF:1
LH:0
end_of_record
SF:lib\core\utils\error_handler.dart
DA:12,0
DA:14,0
DA:15,0
DA:24,0
DA:25,0
DA:27,0
DA:28,0
DA:31,0
DA:32,0
DA:35,0
DA:36,0
DA:39,0
DA:40,0
DA:44,0
DA:45,0
DA:48,0
DA:49,0
DA:50,0
DA:54,0
DA:55,0
DA:59,0
DA:61,0
DA:62,0
DA:63,0
DA:64,0
DA:65,0
DA:66,0
DA:67,0
DA:68,0
DA:69,0
DA:70,0
DA:71,0
DA:72,0
DA:73,0
DA:74,0
DA:75,0
DA:76,0
DA:77,0
DA:78,0
DA:79,0
DA:81,0
DA:86,0
DA:87,0
DA:88,0
DA:89,0
DA:90,0
DA:91,0
DA:92,0
DA:93,0
DA:94,0
DA:95,0
DA:96,0
DA:97,0
DA:98,0
DA:99,0
DA:100,0
DA:101,0
DA:102,0
DA:103,0
DA:104,0
DA:105,0
DA:106,0
DA:107,0
DA:108,0
DA:109,0
DA:110,0
DA:111,0
DA:112,0
DA:113,0
DA:114,0
DA:115,0
DA:116,0
DA:117,0
DA:118,0
DA:119,0
DA:120,0
DA:121,0
DA:122,0
DA:123,0
DA:124,0
DA:125,0
DA:133,0
DA:134,0
DA:137,0
DA:140,0
DA:142,0
DA:143,0
DA:144,0
DA:145,0
DA:148,0
DA:149,0
DA:160,0
DA:163,0
DA:164,0
LF:94
LH:0
end_of_record
SF:lib\l10n\app_localizations.dart
DA:65,7
DA:66,14
DA:70,7
DA:71,7
DA:6213,5
DA:6215,7
DA:6217,14
DA:6220,7
DA:6222,21
DA:6224,0
DA:6228,7
DA:6230,7
DA:6231,7
DA:6232,7
DA:6233,0
DA:6234,0
DA:6237,0
LF:17
LH:13
end_of_record
SF:lib\core\utils\privacy_utils.dart
DA:19,0
DA:20,0
DA:21,0
DA:23,0
DA:24,0
DA:25,0
DA:26,0
DA:33,0
DA:34,0
DA:35,0
DA:36,0
DA:38,0
DA:39,0
DA:41,0
DA:42,0
DA:43,0
DA:51,0
DA:59,0
LF:18
LH:0
end_of_record
SF:lib\core\utils\service_utils.dart
DA:17,0
DA:18,0
DA:20,0
DA:22,0
DA:24,0
DA:26,0
DA:28,0
DA:30,0
DA:32,0
DA:34,0
DA:36,0
DA:38,0
DA:40,0
DA:42,0
DA:44,0
DA:46,0
DA:48,0
DA:50,0
DA:52,0
DA:54,0
LF:20
LH:0
end_of_record
SF:lib\core\utils\translation_mapper.dart
DA:14,0
DA:15,0
DA:17,0
DA:18,0
DA:19,0
DA:20,0
DA:21,0
DA:22,0
DA:23,0
DA:24,0
DA:25,0
DA:26,0
DA:27,0
DA:28,0
DA:29,0
DA:30,0
DA:31,0
DA:32,0
DA:37,0
DA:38,0
DA:40,0
DA:41,0
DA:42,0
DA:43,0
DA:44,0
DA:45,0
DA:46,0
DA:47,0
DA:52,0
DA:53,0
DA:55,0
DA:56,0
DA:57,0
DA:58,0
DA:59,0
DA:60,0
DA:61,0
DA:62,0
DA:63,0
DA:64,0
DA:69,0
DA:70,0
DA:72,0
DA:73,0
DA:74,0
DA:75,0
DA:76,0
DA:77,0
DA:78,0
DA:79,0
DA:84,0
DA:85,0
DA:87,0
DA:88,0
DA:89,0
DA:90,0
DA:91,0
DA:92,0
DA:93,0
DA:94,0
DA:95,0
DA:96,0
DA:97,0
DA:98,0
DA:99,0
DA:100,0
DA:101,0
DA:102,0
DA:107,0
DA:108,0
DA:110,0
DA:111,0
DA:112,0
DA:113,0
DA:114,0
DA:115,0
DA:116,0
DA:117,0
DA:122,1
DA:123,1
DA:125,1
DA:126,0
DA:127,1
DA:128,0
DA:129,1
DA:130,1
DA:131,0
DA:132,0
DA:137,1
DA:138,1
DA:140,1
DA:141,1
DA:142,0
DA:143,0
DA:144,0
DA:145,0
DA:146,0
DA:147,0
DA:152,0
DA:153,0
DA:154,0
DA:155,0
DA:156,0
DA:160,0
DA:161,0
DA:163,0
DA:164,0
DA:165,0
DA:166,0
DA:169,0
DA:174,0
DA:175,0
LF:112
LH:10
end_of_record
SF:lib\data\models\quotation_model.dart
DA:37,1
DA:39,1
DA:41,0
DA:43,0
DA:45,0
DA:51,0
DA:53,0
DA:55,0
DA:57,0
DA:59,0
DA:65,0
DA:67,0
DA:69,0
DA:71,0
DA:73,0
DA:79,0
DA:81,0
DA:83,0
DA:85,0
DA:87,0
DA:120,1
DA:137,1
DA:140,1
DA:141,1
DA:142,1
DA:143,1
DA:144,1
DA:145,1
DA:146,1
DA:147,1
DA:148,1
DA:149,2
DA:150,1
DA:151,1
DA:152,2
DA:153,2
DA:154,1
DA:159,1
DA:160,1
DA:161,1
DA:162,1
DA:163,1
DA:164,1
DA:165,1
DA:166,1
DA:167,1
DA:168,1
DA:169,1
DA:170,2
DA:171,2
DA:173,1
DA:178,0
DA:193,0
DA:194,0
DA:195,0
DA:196,0
DA:197,0
DA:198,0
DA:200,0
DA:201,0
DA:202,0
DA:203,0
DA:204,0
DA:205,0
DA:206,0
DA:207,0
DA:212,1
DA:214,1
DA:216,0
DA:218,0
DA:220,0
DA:229,0
DA:231,0
DA:232,0
DA:233,0
DA:235,0
DA:239,0
DA:242,0
DA:243,0
DA:245,0
DA:247,0
LF:81
LH:35
end_of_record
SF:lib\data\models\report_model.dart
DA:37,2
DA:54,1
DA:57,1
DA:58,1
DA:59,1
DA:60,1
DA:61,1
DA:62,2
DA:63,1
DA:64,1
DA:65,2
DA:66,1
DA:67,3
DA:68,2
DA:69,1
DA:70,2
DA:71,1
DA:76,2
DA:77,2
DA:78,2
DA:79,2
DA:80,4
DA:81,2
DA:82,2
DA:83,4
DA:84,2
DA:85,2
DA:86,4
DA:87,2
DA:88,4
DA:89,2
DA:94,0
DA:109,0
DA:110,0
DA:111,0
DA:112,0
DA:113,0
DA:114,0
DA:115,0
DA:116,0
DA:117,0
DA:118,0
DA:119,0
DA:120,0
DA:121,0
DA:122,0
DA:126,1
DA:128,1
DA:130,1
DA:132,1
DA:134,0
DA:141,1
DA:143,1
DA:145,1
DA:147,0
DA:149,0
DA:151,0
DA:153,0
DA:155,0
DA:162,1
DA:164,1
DA:166,1
DA:168,0
DA:170,0
DA:194,2
DA:196,2
DA:198,1
DA:200,0
DA:202,0
DA:207,1
DA:209,1
DA:211,1
DA:213,1
DA:215,0
DA:249,2
DA:251,2
DA:253,2
DA:255,2
DA:257,1
DA:259,1
DA:261,1
DA:263,0
DA:265,0
DA:270,1
DA:272,1
DA:274,1
DA:276,0
DA:278,0
DA:280,0
DA:282,0
DA:284,0
DA:286,0
DA:291,0
DA:293,0
DA:295,0
DA:297,0
DA:299,0
DA:301,0
DA:303,0
DA:305,0
DA:307,0
DA:329,2
DA:331,2
DA:333,0
DA:335,0
DA:337,0
DA:342,0
DA:344,0
DA:346,0
DA:348,0
DA:350,0
DA:355,0
DA:357,0
DA:359,0
DA:361,0
DA:363,0
LF:116
LH:60
end_of_record
SF:lib\data\services\level_service.dart
DA:11,0
DA:16,2
DA:20,3
DA:22,4
DA:24,2
DA:31,1
DA:32,1
DA:33,1
DA:34,1
DA:41,2
DA:45,3
DA:47,4
DA:49,3
DA:77,1
DA:78,1
DA:81,1
DA:83,1
DA:85,1
DA:87,1
DA:89,0
DA:94,1
DA:96,1
DA:98,1
DA:100,1
DA:102,0
DA:109,1
DA:110,1
DA:113,1
DA:115,1
DA:117,1
DA:119,1
DA:121,0
DA:126,1
DA:128,1
DA:130,1
DA:132,1
DA:134,0
LF:37
LH:32
end_of_record
SF:lib\data\models\user_model.dart
DA:54,11
DA:95,4
DA:96,4
DA:99,4
DA:100,4
DA:101,4
DA:102,0
DA:103,0
DA:108,4
DA:109,4
DA:110,0
DA:111,4
DA:112,3
DA:115,4
DA:116,4
DA:117,4
DA:118,4
DA:119,4
DA:120,4
DA:121,4
DA:122,8
DA:123,4
DA:124,4
DA:125,4
DA:126,4
DA:127,8
DA:128,1
DA:129,4
DA:130,4
DA:131,2
DA:132,4
DA:133,4
DA:135,4
DA:136,0
DA:138,4
DA:139,4
DA:140,4
DA:141,4
DA:142,0
DA:144,4
DA:145,2
DA:147,4
DA:148,4
DA:149,4
DA:152,8
DA:153,8
DA:154,4
DA:155,4
DA:156,4
DA:157,4
DA:158,4
DA:159,4
DA:160,4
DA:161,4
DA:162,2
DA:164,4
DA:165,0
DA:167,4
DA:168,4
DA:169,4
DA:170,0
DA:175,4
DA:176,4
DA:177,4
DA:178,4
DA:179,4
DA:180,4
DA:181,8
DA:182,4
DA:183,4
DA:186,12
DA:187,4
DA:188,4
DA:189,4
DA:190,6
DA:193,8
DA:194,8
DA:195,4
DA:196,4
DA:197,4
DA:198,2
DA:200,4
DA:201,4
DA:202,4
DA:203,4
DA:204,8
DA:205,12
DA:206,4
DA:207,0
DA:209,12
DA:210,8
DA:211,8
DA:212,8
DA:213,8
DA:214,8
DA:215,8
DA:216,8
DA:217,8
DA:218,4
DA:222,12
DA:223,0
DA:231,3
DA:269,3
DA:270,2
DA:271,1
DA:272,3
DA:273,3
DA:274,3
DA:275,3
DA:276,1
DA:277,2
DA:278,3
DA:279,3
DA:280,3
DA:281,3
DA:282,3
DA:283,3
DA:284,3
DA:285,3
DA:286,3
DA:287,3
DA:288,3
DA:289,3
DA:290,2
DA:291,3
DA:292,2
DA:293,3
DA:294,3
DA:295,2
DA:296,3
DA:297,3
DA:298,3
DA:299,3
DA:300,3
DA:301,3
DA:302,3
DA:303,3
DA:304,3
DA:305,3
DA:310,2
DA:314,4
DA:315,2
DA:316,2
DA:317,6
DA:323,1
DA:324,1
DA:325,4
DA:329,3
DA:332,1
DA:333,1
DA:334,1
DA:335,1
DA:342,0
DA:345,0
DA:348,0
DA:351,4
DA:353,4
DA:355,3
DA:357,0
DA:359,0
DA:361,0
DA:368,4
DA:370,4
DA:372,3
DA:374,0
DA:381,4
DA:382,4
DA:383,3
LF:168
LH:152
end_of_record
SF:lib\core\utils\validators.dart
DA:8,3
DA:9,6
DA:10,3
DA:14,1
DA:17,1
DA:19,1
DA:20,0
DA:29,0
DA:30,0
DA:31,0
DA:32,0
DA:34,0
DA:35,0
DA:36,0
DA:38,0
LF:15
LH:6
end_of_record
SF:lib\data\models\activation_code_model.dart
DA:32,3
DA:50,2
DA:51,2
DA:52,2
DA:53,2
DA:54,2
DA:55,4
DA:56,2
DA:57,2
DA:58,2
DA:59,2
DA:60,2
DA:61,2
DA:62,3
DA:63,2
DA:64,2
DA:65,2
DA:66,2
DA:71,1
DA:72,1
DA:73,1
DA:74,1
DA:75,2
DA:76,1
DA:77,1
DA:78,1
DA:79,1
DA:80,1
DA:81,1
DA:82,3
DA:83,1
DA:84,1
DA:86,1
DA:87,1
DA:92,1
DA:108,1
DA:109,1
DA:110,1
DA:111,1
DA:112,1
DA:113,0
DA:114,1
DA:115,1
DA:116,1
DA:117,1
DA:118,1
DA:119,1
DA:120,1
DA:121,1
DA:122,1
DA:127,0
DA:128,0
DA:130,0
DA:133,0
DA:138,0
DA:139,0
DA:140,0
DA:142,0
DA:155,1
DA:156,1
DA:157,1
DA:158,1
DA:163,1
DA:164,1
DA:165,3
DA:169,0
DA:170,0
DA:171,0
DA:172,0
DA:176,0
DA:177,0
DA:178,0
DA:179,0
DA:183,0
DA:185,0
LF:75
LH:56
end_of_record
SF:lib\data\models\banner_model.dart
DA:52,2
DA:71,2
DA:72,2
DA:73,2
DA:74,2
DA:75,2
DA:76,2
DA:77,2
DA:78,2
DA:79,2
DA:80,4
DA:82,2
DA:83,2
DA:84,2
DA:85,2
DA:86,2
DA:87,2
DA:88,2
DA:93,1
DA:94,1
DA:95,2
DA:96,2
DA:97,2
DA:98,2
DA:99,2
DA:100,2
DA:102,1
DA:103,1
DA:104,1
DA:105,1
DA:106,1
DA:107,1
DA:108,1
DA:113,1
DA:129,1
DA:130,1
DA:131,1
DA:132,1
DA:133,1
DA:134,1
DA:135,1
DA:136,1
DA:137,0
DA:138,1
DA:139,1
DA:140,1
DA:141,1
DA:142,1
DA:143,1
LF:49
LH:48
end_of_record
SF:lib\data\models\rating_model.dart
DA:27,2
DA:46,1
DA:47,1
DA:48,1
DA:49,1
DA:50,1
DA:51,1
DA:52,1
DA:53,1
DA:54,1
DA:55,2
DA:56,3
DA:57,3
DA:58,3
DA:59,3
DA:60,1
DA:64,2
DA:65,1
DA:66,1
DA:71,0
DA:72,0
DA:73,0
DA:74,0
DA:75,0
DA:76,0
DA:77,0
DA:78,0
DA:79,0
DA:80,0
DA:81,0
DA:82,0
DA:83,0
DA:84,0
DA:85,0
DA:86,0
DA:91,1
DA:107,1
DA:108,1
DA:109,1
DA:110,1
DA:111,1
DA:112,1
DA:113,1
DA:114,1
DA:115,1
DA:116,1
DA:117,1
DA:118,1
DA:119,1
DA:120,1
DA:121,1
DA:122,1
DA:127,0
LF:53
LH:36
end_of_record
SF:lib\data\models\notification_model.dart
DA:30,1
DA:42,1
DA:45,1
DA:46,1
DA:47,1
DA:48,1
DA:49,2
DA:50,1
DA:51,1
DA:52,1
DA:53,1
DA:54,2
DA:59,0
DA:60,0
DA:61,0
DA:62,0
DA:63,0
DA:64,0
DA:65,0
DA:66,0
DA:67,0
DA:72,0
DA:82,0
DA:83,0
DA:84,0
DA:85,0
DA:86,0
DA:87,0
DA:88,0
DA:89,0
DA:90,0
DA:95,1
DA:100,1
DA:101,1
DA:103,1
DA:104,1
DA:106,1
DA:107,0
DA:109,0
DA:110,0
DA:112,0
DA:113,0
DA:114,0
DA:116,0
DA:117,0
DA:119,0
DA:120,0
DA:122,0
DA:123,0
DA:125,0
DA:127,0
DA:174,0
DA:176,0
DA:178,0
DA:180,0
DA:182,0
DA:184,0
DA:186,0
DA:188,0
DA:190,0
DA:192,0
DA:194,0
DA:196,0
DA:202,0
DA:204,0
DA:206,0
DA:208,0
DA:210,0
DA:212,0
DA:214,0
DA:216,0
DA:218,0
DA:220,0
DA:222,0
DA:224,0
DA:230,0
DA:232,0
DA:234,0
DA:236,0
DA:238,0
DA:240,0
DA:242,0
DA:244,0
DA:246,0
DA:248,0
DA:250,0
DA:252,0
LF:87
LH:18
end_of_record
SF:lib\data\models\promo_code_model.dart
DA:16,2
DA:29,2
DA:30,2
DA:31,6
DA:32,5
DA:36,1
DA:37,1
DA:38,1
DA:39,1
DA:40,1
DA:41,1
DA:42,1
DA:43,1
DA:44,2
DA:45,1
DA:46,1
DA:50,1
DA:51,1
DA:53,1
DA:54,1
DA:55,1
DA:56,1
DA:57,1
DA:58,0
DA:60,1
DA:61,2
DA:62,4
DA:63,1
LF:28
LH:27
end_of_record
SF:lib\data\repositories\auth_repository.dart
DA:33,0
DA:47,1
DA:50,0
DA:53,0
DA:75,1
DA:79,2
DA:80,3
DA:82,2
DA:88,2
DA:92,2
DA:93,2
DA:95,3
DA:112,1
DA:116,2
DA:117,2
DA:133,1
DA:134,2
DA:135,2
DA:137,2
DA:154,1
DA:155,2
DA:156,2
DA:158,3
DA:182,0
DA:183,0
DA:185,0
DA:187,0
DA:199,1
DA:200,2
DA:201,2
DA:206,1
DA:207,1
DA:214,0
DA:215,0
DA:216,0
DA:217,0
DA:218,0
DA:220,0
DA:224,0
DA:233,0
DA:234,0
DA:246,1
DA:247,2
DA:249,2
DA:252,2
DA:257,0
DA:258,0
DA:262,0
DA:263,0
DA:264,0
LF:50
LH:29
end_of_record
SF:lib\data\services\auth\auth_service.dart
DA:28,0
DA:36,0
DA:37,0
DA:41,0
DA:42,0
DA:43,0
DA:45,0
DA:49,0
DA:54,2
DA:56,2
DA:57,0
DA:59,2
DA:62,2
DA:64,8
DA:65,2
DA:66,2
DA:71,4
DA:74,3
DA:77,3
DA:81,0
DA:87,2
DA:92,2
DA:93,2
DA:97,2
DA:98,4
DA:99,2
DA:100,2
DA:101,1
DA:105,1
DA:107,1
DA:111,1
DA:114,1
DA:117,0
DA:120,0
DA:123,0
DA:127,0
DA:138,1
DA:141,0
DA:142,0
DA:147,0
DA:149,0
DA:151,0
DA:154,0
DA:156,0
DA:159,0
DA:160,0
DA:161,0
DA:166,0
DA:168,0
DA:169,0
DA:170,0
DA:171,0
DA:173,0
DA:176,0
DA:180,0
DA:182,0
DA:183,0
DA:191,2
DA:196,4
DA:200,4
DA:201,2
DA:202,2
DA:203,1
DA:206,2
DA:208,2
DA:212,0
DA:214,0
DA:219,1
DA:221,0
DA:222,0
DA:229,1
DA:231,2
DA:232,0
DA:234,0
DA:236,0
DA:240,0
DA:242,0
DA:243,0
DA:251,2
DA:254,2
DA:255,1
DA:257,0
DA:258,0
DA:263,2
DA:268,4
DA:273,4
DA:277,4
DA:278,2
DA:279,2
DA:283,0
DA:286,0
DA:287,0
DA:288,0
DA:291,0
DA:292,0
DA:294,0
DA:295,0
DA:300,0
DA:301,0
DA:302,0
DA:303,0
DA:309,0
DA:311,0
DA:312,0
DA:314,0
DA:315,0
DA:318,0
DA:319,0
DA:320,0
DA:321,0
DA:323,0
DA:325,0
DA:327,0
DA:330,0
DA:332,0
DA:333,0
LF:116
LH:43
end_of_record
SF:lib\data\services\database\database_service.dart
DA:14,0
DA:16,2
DA:17,0
DA:22,4
DA:38,0
DA:40,1
DA:46,2
DA:47,2
DA:50,2
DA:51,0
DA:52,0
DA:54,0
DA:55,0
DA:57,2
DA:58,1
DA:60,0
DA:61,0
DA:65,1
DA:68,1
DA:74,2
DA:75,2
DA:78,2
DA:79,0
DA:81,0
DA:83,0
DA:84,0
DA:85,0
DA:86,0
DA:88,2
DA:90,1
DA:92,0
DA:93,0
DA:94,0
DA:95,0
DA:99,1
DA:102,1
DA:109,1
DA:112,1
DA:118,1
DA:119,1
DA:120,1
DA:121,1
DA:122,2
DA:124,0
DA:125,0
DA:126,1
DA:127,1
DA:130,0
DA:132,0
DA:134,1
DA:136,1
DA:140,1
DA:141,1
DA:143,1
DA:145,1
DA:147,1
DA:150,0
DA:151,0
DA:152,0
DA:153,0
DA:154,0
DA:161,5
DA:162,1
DA:167,1
DA:168,0
DA:172,2
DA:173,1
DA:180,1
DA:181,0
DA:182,0
DA:183,0
DA:185,0
DA:186,0
DA:193,1
DA:196,1
DA:197,2
DA:198,3
DA:201,2
DA:202,1
DA:203,0
DA:204,0
DA:205,0
DA:211,1
DA:212,2
DA:213,2
DA:214,2
DA:220,2
DA:222,12
DA:225,0
DA:230,2
DA:233,4
DA:234,4
DA:235,8
DA:236,4
DA:237,6
DA:238,4
DA:241,0
DA:249,6
DA:250,2
DA:252,1
DA:254,1
DA:256,1
DA:257,1
DA:258,1
DA:259,1
DA:261,1
DA:262,1
DA:263,2
DA:264,1
DA:265,2
DA:266,1
DA:267,1
DA:268,2
DA:269,0
DA:270,1
DA:271,0
DA:272,1
DA:273,1
DA:274,0
DA:278,1
DA:279,0
DA:280,1
DA:281,0
DA:283,1
DA:284,1
DA:285,1
DA:286,1
DA:287,1
DA:288,1
DA:289,1
DA:290,0
DA:292,1
DA:293,0
DA:294,0
DA:298,2
DA:299,3
DA:303,3
DA:305,0
DA:308,0
DA:309,0
DA:310,0
DA:314,6
DA:315,2
DA:316,2
DA:317,2
DA:318,2
DA:319,2
DA:321,2
DA:322,4
DA:323,2
DA:326,4
DA:327,6
DA:331,2
DA:335,6
DA:336,6
DA:337,2
DA:338,2
DA:339,2
DA:340,6
DA:342,0
DA:349,2
DA:350,0
DA:353,2
DA:356,3
DA:358,2
DA:359,2
DA:360,2
DA:363,0
DA:373,2
DA:374,6
DA:375,2
DA:376,2
DA:377,0
DA:378,2
DA:381,0
DA:386,1
DA:391,2
DA:393,4
DA:394,8
DA:397,4
DA:398,4
DA:401,0
DA:406,1
DA:408,4
DA:411,0
DA:418,1
DA:420,5
DA:421,2
DA:425,0
DA:430,0
DA:433,0
DA:434,0
DA:438,0
DA:444,0
DA:445,0
DA:446,0
DA:447,0
DA:448,0
DA:449,0
DA:450,0
DA:451,0
DA:454,0
DA:455,0
DA:456,0
DA:457,0
DA:466,0
DA:468,0
DA:469,0
DA:470,0
DA:471,0
DA:472,0
DA:474,0
DA:475,0
DA:480,0
DA:491,1
DA:498,1
DA:499,1
DA:500,1
DA:501,1
DA:502,2
DA:503,1
DA:504,1
DA:507,0
DA:510,1
DA:512,5
DA:515,0
DA:520,1
DA:533,1
DA:537,1
DA:542,1
DA:550,3
DA:553,0
DA:555,1
DA:558,1
DA:559,3
DA:566,0
DA:567,0
DA:575,0
DA:581,0
DA:588,0
DA:590,0
DA:592,0
DA:594,0
DA:596,0
DA:599,0
DA:601,0
DA:605,0
DA:610,0
DA:618,0
DA:619,0
DA:620,0
DA:621,0
DA:622,0
DA:623,0
DA:625,0
DA:626,0
DA:627,0
DA:628,0
DA:631,0
DA:634,0
DA:635,0
DA:638,0
DA:639,0
DA:643,0
DA:645,0
DA:646,0
DA:647,0
DA:651,0
DA:652,0
DA:653,0
DA:658,0
DA:660,0
DA:661,0
DA:671,0
DA:673,0
DA:674,0
DA:678,0
DA:683,0
DA:685,0
DA:686,0
DA:690,0
DA:704,0
DA:708,0
DA:709,0
DA:710,0
DA:711,0
DA:714,0
DA:720,0
DA:724,0
DA:725,0
DA:726,0
DA:727,0
DA:730,0
DA:735,0
DA:740,0
DA:741,0
DA:742,0
DA:743,0
DA:744,0
DA:745,0
DA:747,0
DA:748,0
DA:757,0
DA:759,0
DA:760,0
DA:761,0
DA:762,0
DA:763,0
DA:764,0
DA:765,0
DA:767,0
DA:770,0
DA:775,0
DA:776,0
DA:777,0
DA:778,0
DA:779,0
DA:780,0
DA:781,0
DA:782,0
DA:783,0
DA:784,0
DA:785,0
DA:786,0
DA:787,0
DA:792,0
DA:793,0
DA:799,0
DA:800,0
DA:801,0
DA:802,0
DA:803,0
DA:804,0
DA:805,0
DA:806,0
DA:807,0
DA:808,0
DA:809,0
DA:810,0
DA:811,0
DA:816,0
DA:818,0
DA:819,0
DA:820,0
DA:821,0
DA:822,0
DA:823,0
DA:824,0
DA:826,0
DA:828,0
DA:834,0
DA:844,0
DA:852,0
DA:853,0
DA:854,0
DA:855,0
DA:856,0
DA:857,0
DA:858,0
DA:860,0
DA:867,0
DA:869,0
DA:883,0
DA:889,0
DA:890,0
DA:891,0
DA:892,0
DA:894,0
DA:895,0
DA:898,0
DA:900,0
DA:903,0
DA:904,0
DA:906,0
DA:912,0
DA:916,0
DA:919,0
DA:925,0
DA:928,0
DA:929,0
DA:931,0
DA:943,0
DA:946,0
DA:948,0
DA:957,0
DA:959,0
DA:961,0
DA:962,0
DA:963,0
DA:964,0
DA:966,0
DA:967,0
DA:968,0
DA:969,0
DA:972,0
DA:974,0
DA:983,0
DA:985,0
DA:986,0
DA:987,0
DA:988,0
DA:989,0
DA:991,0
DA:992,0
DA:993,0
DA:994,0
DA:995,0
DA:997,0
DA:999,0
DA:1000,0
DA:1001,0
DA:1002,0
DA:1005,0
DA:1012,0
DA:1014,0
DA:1015,0
DA:1027,0
DA:1034,0
DA:1035,0
DA:1036,0
DA:1037,0
DA:1038,0
DA:1040,0
DA:1041,0
DA:1044,0
DA:1047,0
DA:1050,0
DA:1052,0
DA:1054,0
DA:1055,0
DA:1057,0
DA:1060,0
LF:432
LH:148
end_of_record
SF:lib\data\repositories\base_repository.dart
DA:42,6
DA:44,6
DA:80,0
DA:82,0
DA:85,0
DA:105,1
DA:111,1
DA:112,1
DA:125,1
DA:131,1
DA:133,1
DA:135,1
DA:136,1
DA:137,2
DA:140,0
LF:15
LH:11
end_of_record
SF:lib\data\repositories\rating_repository.dart
DA:13,1
DA:16,0
DA:24,1
DA:25,2
DA:26,1
DA:27,1
DA:28,1
DA:29,1
DA:33,1
DA:38,2
DA:39,0
DA:42,0
DA:48,2
DA:52,1
DA:53,2
DA:54,2
DA:58,0
DA:59,0
DA:65,1
DA:69,2
DA:70,2
DA:77,0
DA:78,0
DA:79,0
DA:83,1
DA:84,2
DA:85,2
DA:89,0
DA:93,0
DA:94,0
DA:95,0
DA:99,1
DA:100,2
DA:101,2
DA:102,1
DA:104,1
DA:106,3
DA:109,2
LF:38
LH:26
end_of_record
SF:lib\data\services\request_notification_service.dart
DA:53,0
DA:55,0
DA:58,0
DA:59,0
DA:78,0
DA:88,0
DA:94,0
DA:101,0
DA:107,0
DA:114,0
DA:120,0
DA:126,0
DA:132,0
DA:138,0
DA:144,0
DA:150,0
DA:156,0
DA:162,0
DA:168,0
DA:174,0
DA:185,0
DA:186,0
DA:187,0
DA:188,0
DA:189,0
DA:190,0
DA:191,0
DA:192,0
DA:193,0
DA:194,0
DA:195,0
DA:196,0
DA:197,0
DA:203,0
DA:204,0
DA:205,0
DA:206,0
DA:207,0
DA:208,0
DA:209,0
DA:210,0
DA:217,0
DA:218,0
DA:219,0
DA:220,0
DA:221,0
DA:222,0
DA:223,0
DA:224,0
DA:225,0
DA:226,0
DA:227,0
DA:237,0
DA:238,0
DA:244,0
DA:245,0
DA:246,0
DA:247,0
DA:248,0
DA:249,0
DA:251,0
DA:252,0
DA:255,0
DA:263,0
DA:264,0
DA:268,0
DA:270,0
DA:272,0
DA:273,0
DA:274,0
DA:276,0
LF:71
LH:0
end_of_record
SF:lib\data\repositories\service_request_repository.dart
DA:15,1
DA:20,0
DA:21,0
DA:22,0
DA:28,1
DA:41,2
DA:56,0
DA:57,0
DA:60,0
DA:61,0
DA:64,0
DA:65,0
DA:72,0
DA:73,0
DA:76,0
DA:80,0
DA:83,0
DA:85,0
DA:86,0
DA:94,0
DA:101,0
DA:110,0
DA:112,0
DA:115,0
DA:117,0
DA:120,0
DA:121,0
DA:128,0
DA:135,0
DA:144,0
DA:145,0
DA:148,0
DA:152,0
DA:158,0
DA:164,0
DA:172,0
DA:178,0
DA:184,0
DA:191,0
DA:204,0
DA:205,0
DA:208,0
DA:209,0
DA:212,0
DA:213,0
DA:216,0
DA:217,0
DA:220,0
DA:225,0
DA:236,0
DA:237,0
DA:240,0
DA:241,0
LF:53
LH:3
end_of_record
SF:lib\data\services\request_quotation_service.dart
DA:15,0
DA:23,0
DA:24,0
DA:25,0
DA:26,0
DA:27,0
DA:29,0
DA:30,0
DA:32,0
DA:33,0
DA:34,0
DA:35,0
DA:36,0
DA:41,0
DA:44,0
DA:45,0
DA:47,0
DA:48,0
DA:49,0
DA:50,0
DA:54,0
DA:55,0
DA:58,0
DA:59,0
DA:62,0
DA:64,0
DA:66,0
DA:68,0
DA:69,0
DA:70,0
DA:73,0
DA:80,0
DA:86,0
DA:87,0
DA:88,0
DA:89,0
DA:90,0
DA:91,0
DA:92,0
DA:93,0
DA:94,0
DA:95,0
DA:96,0
DA:97,0
DA:98,0
DA:99,0
DA:104,0
DA:106,0
DA:107,0
DA:108,0
DA:109,0
DA:110,0
DA:112,0
DA:113,0
DA:114,0
DA:116,0
DA:117,0
DA:122,0
DA:123,0
DA:124,0
DA:125,0
DA:126,0
DA:127,0
DA:128,0
DA:129,0
DA:130,0
DA:131,0
DA:132,0
DA:133,0
DA:138,0
DA:143,0
DA:144,0
DA:145,0
DA:146,0
DA:147,0
DA:148,0
DA:150,0
DA:151,0
DA:155,0
DA:161,0
DA:168,0
DA:170,0
DA:172,0
DA:174,0
DA:176,0
DA:179,0
DA:184,0
DA:185,0
DA:189,0
DA:196,0
DA:202,0
DA:207,0
DA:208,0
DA:209,0
DA:210,0
DA:211,0
DA:212,0
DA:214,0
DA:218,0
DA:224,0
DA:232,0
DA:233,0
DA:234,0
DA:235,0
DA:236,0
DA:238,0
DA:243,0
DA:246,0
DA:247,0
DA:249,0
DA:255,0
DA:260,0
DA:261,0
DA:262,0
DA:263,0
DA:264,0
DA:265,0
DA:267,0
DA:268,0
DA:269,0
DA:270,0
DA:272,0
DA:276,0
DA:278,0
LF:124
LH:0
end_of_record
SF:lib\data\services\request_status_service.dart
DA:13,0
DA:14,0
DA:21,0
DA:23,0
DA:25,0
DA:26,0
DA:30,0
DA:36,0
DA:38,0
DA:40,0
DA:41,0
DA:45,0
DA:51,0
DA:52,0
DA:59,0
DA:65,0
DA:69,0
DA:70,0
DA:74,0
DA:80,0
DA:85,0
DA:86,0
DA:87,0
DA:91,0
LF:24
LH:0
end_of_record
SF:lib\data\services\activation_code_service.dart
DA:20,1
DA:21,0
DA:49,1
DA:57,1
DA:58,1
DA:59,2
DA:61,1
DA:73,1
DA:74,1
DA:75,1
DA:76,2
DA:92,1
DA:97,2
DA:101,1
DA:103,1
DA:112,1
DA:113,1
DA:114,1
DA:115,1
DA:117,1
DA:120,0
DA:122,1
DA:129,1
DA:132,1
DA:133,0
DA:141,1
DA:143,0
DA:146,1
DA:154,1
DA:156,0
DA:159,1
DA:166,1
DA:171,0
DA:172,0
DA:187,1
DA:192,2
DA:196,1
DA:197,2
DA:201,1
DA:205,4
DA:206,2
DA:209,3
DA:211,3
DA:212,1
DA:214,1
DA:216,1
DA:217,1
DA:220,2
DA:224,2
DA:229,1
DA:231,1
DA:232,1
DA:236,1
DA:240,0
DA:250,1
DA:253,3
DA:255,1
DA:256,1
DA:257,1
DA:258,1
DA:259,2
DA:260,1
DA:262,3
DA:264,0
DA:270,0
DA:276,0
DA:281,0
DA:287,0
DA:288,0
DA:290,0
DA:291,0
DA:293,0
DA:295,0
DA:299,0
DA:300,0
DA:303,0
DA:304,0
DA:305,0
DA:306,0
DA:309,0
DA:314,1
DA:316,4
DA:321,1
DA:324,0
DA:333,1
DA:339,1
DA:341,4
DA:343,1
DA:344,0
DA:348,1
DA:352,1
DA:354,0
DA:355,0
DA:356,0
DA:357,0
DA:358,0
DA:359,0
DA:362,0
DA:365,5
DA:369,1
DA:371,5
DA:373,1
DA:374,1
DA:381,0
DA:387,1
DA:389,1
DA:391,1
DA:404,0
DA:406,0
DA:407,0
DA:408,0
DA:409,0
DA:410,0
DA:412,0
DA:413,0
DA:414,0
DA:416,0
DA:417,0
DA:422,0
DA:424,0
DA:425,0
DA:426,0
DA:427,0
DA:429,0
DA:430,0
DA:431,0
DA:433,0
DA:434,0
DA:439,0
DA:441,0
DA:442,0
DA:443,0
DA:444,0
DA:447,0
DA:453,0
DA:455,0
DA:456,0
DA:457,0
DA:458,0
DA:464,0
DA:470,0
DA:472,0
DA:473,0
DA:474,0
DA:475,0
DA:477,0
DA:481,0
DA:487,0
DA:492,0
DA:493,0
DA:494,0
DA:495,0
DA:498,0
DA:501,0
DA:502,0
DA:503,0
DA:504,0
DA:506,0
DA:508,0
DA:509,0
DA:520,1
DA:523,1
DA:525,6
DA:527,6
DA:528,1
DA:541,2
LF:166
LH:78
end_of_record
SF:lib\data\services\auth\social_auth_service.dart
DA:13,0
DA:15,0
DA:16,0
DA:30,1
DA:31,1
DA:34,0
DA:35,0
DA:39,0
DA:40,0
DA:41,0
DA:43,0
DA:47,0
DA:57,0
DA:60,0
DA:63,0
DA:67,0
DA:69,0
DA:70,0
DA:73,0
DA:74,0
DA:75,0
DA:80,0
DA:82,0
DA:83,0
DA:84,0
DA:85,0
DA:87,0
DA:88,0
DA:89,0
DA:92,0
DA:95,0
DA:96,0
DA:101,0
DA:103,0
DA:104,0
DA:105,0
DA:107,0
DA:112,0
DA:113,0
DA:116,0
DA:117,0
DA:127,0
DA:129,0
DA:132,0
DA:135,0
DA:136,0
DA:138,0
DA:141,0
DA:143,0
DA:144,0
DA:145,0
DA:147,0
DA:149,0
DA:150,0
DA:151,0
DA:153,0
DA:154,0
DA:155,0
DA:158,0
DA:160,0
DA:161,0
DA:162,0
DA:167,0
DA:169,0
DA:170,0
DA:172,0
DA:177,0
DA:179,0
DA:182,0
DA:185,0
DA:187,0
DA:188,0
DA:190,0
DA:191,0
DA:192,0
DA:195,0
DA:196,0
DA:197,0
DA:198,0
DA:200,0
DA:203,0
DA:204,0
DA:209,0
DA:211,0
DA:214,0
DA:215,0
DA:223,0
DA:231,0
DA:238,0
DA:240,0
DA:241,0
DA:242,0
DA:244,0
DA:250,0
DA:255,0
DA:256,0
DA:259,0
DA:265,0
DA:266,0
DA:267,0
DA:269,0
DA:276,0
DA:277,0
DA:278,0
DA:280,0
DA:282,0
DA:284,0
DA:286,0
DA:288,0
DA:290,0
DA:293,0
DA:300,0
DA:301,0
DA:302,0
DA:304,0
DA:305,0
DA:306,0
DA:307,0
DA:308,0
DA:309,0
DA:313,0
LF:121
LH:2
end_of_record
SF:lib\data\services\banner_service.dart
DA:16,1
DA:17,0
DA:18,0
DA:22,1
DA:23,1
DA:24,2
DA:25,1
DA:26,1
DA:27,1
DA:28,2
DA:29,1
DA:30,3
DA:31,1
DA:32,1
DA:33,0
DA:34,0
DA:40,0
DA:41,0
DA:42,0
DA:43,0
DA:44,0
DA:45,0
DA:46,0
DA:47,0
DA:48,0
DA:49,0
DA:50,0
DA:51,0
DA:56,1
DA:57,5
DA:61,0
DA:68,0
DA:69,0
DA:73,0
DA:74,0
DA:76,0
DA:77,0
DA:79,0
DA:83,0
DA:86,0
DA:89,0
DA:91,0
DA:94,0
DA:100,0
DA:103,0
DA:108,0
DA:111,0
DA:114,0
DA:116,0
DA:117,0
DA:124,0
DA:129,0
DA:130,0
LF:53
LH:14
end_of_record
SF:lib\data\services\chat_service.dart
DA:16,1
DA:17,0
DA:35,0
DA:45,0
DA:51,0
DA:52,0
DA:53,0
DA:54,0
DA:55,0
DA:56,0
DA:57,0
DA:58,0
DA:59,0
DA:60,0
DA:62,0
DA:63,0
DA:65,0
DA:75,0
DA:77,0
DA:78,0
DA:79,0
DA:80,0
DA:81,0
DA:82,0
DA:87,0
DA:96,0
DA:97,0
DA:111,0
DA:115,0
DA:118,0
DA:119,0
DA:123,0
DA:124,0
DA:136,0
DA:141,0
DA:142,0
DA:145,0
DA:146,0
DA:147,0
DA:148,0
DA:149,0
DA:150,0
DA:152,0
DA:153,0
DA:159,0
DA:163,0
DA:169,0
DA:170,0
DA:171,0
DA:172,0
DA:173,0
DA:174,0
DA:175,0
DA:177,0
DA:178,0
DA:181,0
DA:184,0
DA:185,0
DA:186,0
DA:187,0
DA:189,0
DA:190,0
DA:191,0
DA:192,0
DA:193,0
DA:197,0
DA:198,0
DA:205,1
DA:206,5
DA:207,1
DA:208,1
DA:213,0
DA:214,0
DA:215,0
DA:216,0
DA:217,0
DA:218,0
DA:219,0
DA:220,0
DA:222,0
DA:225,0
DA:226,0
DA:227,0
DA:231,0
DA:232,0
DA:234,0
DA:235,0
DA:240,0
DA:241,0
DA:247,0
DA:248,0
DA:251,0
DA:253,0
DA:254,0
DA:256,0
DA:267,0
DA:276,0
DA:279,0
DA:281,0
DA:286,0
DA:288,0
DA:293,0
DA:294,0
DA:295,0
DA:296,0
DA:297,0
DA:300,0
DA:302,0
DA:303,0
DA:307,0
DA:309,0
DA:321,0
DA:323,0
DA:326,0
DA:327,0
DA:331,0
DA:332,0
DA:338,0
DA:339,0
DA:340,0
DA:341,0
DA:347,0
DA:348,0
DA:350,0
DA:351,0
DA:358,0
DA:363,0
DA:364,0
DA:365,0
DA:366,0
DA:368,0
DA:369,0
DA:370,0
DA:371,0
DA:375,0
DA:378,0
DA:379,0
DA:380,0
DA:381,0
DA:391,0
DA:394,0
DA:395,0
DA:396,0
DA:400,0
DA:401,0
DA:402,0
DA:404,0
DA:407,0
DA:408,0
DA:414,0
DA:415,0
DA:416,0
DA:419,0
DA:423,0
DA:428,1
DA:432,1
DA:437,1
DA:438,2
DA:439,1
DA:440,2
DA:441,2
DA:443,1
DA:448,1
DA:449,1
DA:450,2
DA:451,1
DA:452,2
DA:453,1
DA:454,1
DA:455,2
DA:456,1
DA:457,3
DA:458,1
DA:459,1
DA:460,0
DA:461,0
DA:466,1
DA:472,1
DA:475,1
DA:477,1
DA:482,1
DA:483,0
DA:484,0
DA:486,0
DA:490,5
DA:494,1
DA:495,1
DA:499,2
DA:505,6
DA:510,1
DA:511,2
DA:512,1
DA:513,2
DA:514,1
DA:515,1
DA:516,1
DA:518,2
DA:519,1
DA:520,0
DA:522,0
DA:525,1
DA:530,0
DA:531,0
DA:532,0
DA:533,0
DA:534,0
DA:535,0
DA:536,0
DA:538,0
DA:539,0
DA:540,0
DA:541,0
DA:542,0
DA:543,0
DA:544,0
DA:548,0
DA:549,0
DA:559,0
DA:560,0
DA:563,0
DA:568,0
DA:571,0
DA:572,0
DA:573,0
DA:574,0
DA:575,0
DA:578,0
DA:581,0
DA:582,0
DA:583,0
DA:584,0
DA:586,0
DA:589,0
LF:233
LH:45
end_of_record
SF:lib\data\services\favorite_customers_service.dart
DA:18,0
DA:23,0
DA:24,0
DA:26,0
DA:28,0
DA:35,0
DA:40,0
DA:41,0
DA:43,0
DA:45,0
DA:51,0
DA:56,0
DA:57,0
DA:58,0
DA:59,0
DA:60,0
DA:62,0
DA:70,0
DA:71,0
DA:72,0
DA:73,0
DA:74,0
DA:75,0
DA:76,0
DA:77,0
DA:78,0
DA:79,0
DA:80,0
DA:81,0
DA:87,0
DA:91,0
DA:97,0
DA:103,0
LF:33
LH:0
end_of_record
SF:lib\data\services\favorites_service.dart
DA:21,1
DA:22,0
DA:25,1
DA:26,1
DA:27,1
DA:28,1
DA:29,1
DA:37,1
DA:47,4
DA:54,1
DA:63,1
DA:68,3
DA:76,0
DA:85,0
DA:91,0
DA:96,0
DA:113,1
DA:118,3
DA:119,1
DA:127,0
DA:131,0
DA:132,0
DA:133,0
DA:134,0
DA:135,0
DA:136,0
DA:143,0
DA:144,0
DA:145,0
DA:146,0
DA:147,0
DA:148,0
DA:149,0
DA:150,0
DA:151,0
DA:152,0
DA:153,0
DA:158,0
DA:159,0
DA:160,0
DA:164,0
DA:166,0
DA:167,0
DA:169,0
DA:170,0
DA:173,0
DA:191,0
DA:201,0
DA:203,0
DA:204,0
DA:205,0
DA:206,0
DA:207,0
DA:208,0
DA:209,0
DA:210,0
DA:211,0
LF:57
LH:14
end_of_record
SF:lib\data\services\image_compression_service.dart
DA:23,0
DA:29,0
DA:30,0
DA:33,0
DA:38,0
DA:39,0
DA:40,0
DA:41,0
DA:42,0
DA:49,0
DA:50,0
DA:51,0
DA:61,0
DA:62,0
DA:65,0
DA:70,0
DA:77,0
DA:91,0
DA:96,0
DA:98,0
DA:100,0
DA:103,0
DA:104,0
DA:107,0
DA:116,0
DA:117,0
DA:118,0
DA:124,0
DA:128,0
DA:129,0
LF:30
LH:0
end_of_record
SF:lib\data\services\notification_service.dart
DA:19,0
DA:21,1
DA:31,1
DA:38,0
DA:41,1
DA:46,0
DA:48,0
DA:49,0
DA:50,0
DA:59,0
DA:64,0
DA:65,0
DA:69,0
DA:72,0
DA:75,0
DA:78,0
DA:80,0
DA:81,0
DA:83,0
DA:88,0
DA:100,0
DA:102,0
DA:106,0
DA:107,0
DA:109,0
DA:118,0
DA:119,0
DA:125,0
DA:129,0
DA:131,0
DA:132,0
DA:133,0
DA:135,0
DA:138,0
DA:142,0
DA:143,0
DA:144,0
DA:148,0
DA:150,0
DA:151,0
DA:156,0
DA:157,0
DA:159,0
DA:161,0
DA:162,0
DA:163,0
DA:164,0
DA:169,0
DA:170,0
DA:171,0
DA:174,0
DA:181,0
DA:182,0
DA:183,0
DA:186,0
DA:187,0
DA:188,0
DA:189,0
DA:201,0
DA:207,0
DA:208,0
DA:210,0
DA:215,0
DA:216,0
DA:217,0
DA:221,0
DA:222,0
DA:223,0
DA:224,0
DA:225,0
DA:226,0
DA:227,0
DA:228,0
DA:229,0
DA:231,0
DA:236,0
DA:238,0
DA:243,0
DA:244,0
DA:247,0
DA:248,0
DA:249,0
DA:250,0
DA:251,0
DA:252,0
DA:253,0
DA:254,0
DA:255,0
DA:256,0
DA:259,0
DA:260,0
DA:267,1
DA:268,3
DA:271,1
DA:272,1
DA:273,1
DA:274,1
DA:275,1
DA:276,1
DA:278,3
DA:282,1
DA:284,1
DA:285,1
DA:286,1
DA:287,2
DA:290,1
DA:292,0
DA:297,0
DA:298,0
DA:302,0
DA:303,0
DA:304,0
DA:305,0
DA:306,0
DA:307,0
DA:309,0
DA:310,0
DA:313,0
DA:314,0
DA:316,0
DA:321,1
DA:323,4
DA:324,1
DA:326,0
DA:333,0
DA:334,0
DA:338,0
DA:339,0
DA:340,0
DA:341,0
DA:342,0
DA:344,0
DA:345,0
DA:348,0
DA:349,0
DA:350,0
DA:352,0
DA:358,1
DA:363,2
DA:364,2
DA:380,0
DA:381,0
DA:391,0
DA:393,0
DA:394,0
DA:396,0
DA:397,0
DA:399,0
DA:402,0
DA:403,0
DA:406,0
DA:407,0
DA:412,0
DA:413,0
DA:414,0
DA:416,0
DA:417,0
DA:422,0
DA:426,0
DA:428,0
DA:429,0
DA:430,0
DA:432,0
DA:433,0
DA:435,0
DA:438,0
DA:442,0
LF:167
LH:24
end_of_record
SF:lib\data\services\presence_service.dart
DA:19,3
DA:20,2
DA:21,1
DA:38,0
DA:39,0
DA:42,0
DA:45,0
DA:46,0
DA:47,0
DA:52,1
DA:53,1
DA:54,1
DA:55,1
DA:63,0
DA:64,0
DA:67,0
DA:68,0
DA:69,0
DA:70,0
DA:71,0
DA:73,0
DA:75,0
DA:82,0
DA:83,0
DA:86,0
DA:87,0
DA:88,0
DA:89,0
DA:90,0
DA:92,0
DA:94,0
DA:101,0
DA:102,0
DA:103,0
DA:104,0
DA:105,0
DA:106,0
DA:107,0
DA:108,0
DA:111,0
DA:112,0
DA:113,0
DA:120,0
DA:122,0
DA:126,0
DA:127,0
DA:128,0
DA:133,0
DA:135,0
DA:136,0
DA:137,0
DA:140,0
DA:141,0
DA:142,0
DA:146,0
DA:148,0
DA:153,0
DA:154,0
DA:164,0
DA:167,0
DA:168,0
DA:169,0
DA:171,0
DA:172,0
DA:173,0
DA:174,0
DA:175,0
DA:176,0
DA:177,0
DA:184,0
DA:185,0
DA:186,0
DA:188,0
DA:189,0
DA:190,0
DA:191,0
DA:192,0
DA:193,0
DA:194,0
LF:79
LH:7
end_of_record
SF:lib\data\services\promo_code_service.dart
DA:8,1
DA:9,0
DA:12,1
DA:14,1
DA:15,1
DA:16,3
DA:17,2
DA:21,1
DA:24,1
DA:25,1
DA:26,3
DA:27,1
DA:29,1
DA:31,3
DA:33,1
DA:38,2
DA:39,2
DA:41,1
DA:45,1
DA:47,0
DA:48,0
DA:49,0
DA:51,0
DA:52,0
DA:53,0
DA:54,0
DA:55,0
DA:56,0
DA:58,0
DA:68,1
DA:74,1
DA:76,1
DA:79,3
DA:81,4
DA:83,3
DA:84,1
DA:85,1
DA:87,2
DA:92,2
DA:93,0
DA:94,0
DA:98,0
DA:100,0
DA:103,4
DA:107,2
DA:109,1
DA:113,2
DA:114,2
DA:115,1
DA:116,2
DA:121,0
DA:123,0
DA:129,0
DA:130,0
DA:132,0
DA:133,0
DA:134,0
DA:136,0
DA:137,0
DA:138,0
DA:139,0
DA:146,0
DA:147,0
DA:148,0
DA:149,0
DA:150,0
DA:151,0
DA:152,0
DA:153,0
DA:154,0
DA:155,0
DA:156,0
DA:161,1
DA:162,5
DA:166,0
DA:167,0
DA:168,0
DA:169,0
DA:170,0
LF:79
LH:37
end_of_record
SF:lib\data\services\report_service.dart
DA:25,1
DA:26,0
DA:29,1
DA:30,2
DA:37,1
DA:49,1
DA:50,1
DA:51,1
DA:52,1
DA:53,1
DA:54,1
DA:56,2
DA:57,0
DA:60,2
DA:61,1
DA:62,1
DA:72,1
DA:75,2
DA:88,0
DA:89,0
DA:90,0
DA:91,0
DA:92,0
DA:93,0
DA:94,0
DA:95,0
DA:96,0
DA:97,0
DA:98,0
DA:99,0
DA:105,0
DA:106,0
DA:107,0
DA:108,0
DA:109,0
DA:110,0
DA:111,0
DA:112,0
DA:113,0
DA:114,0
DA:115,0
DA:116,0
DA:122,0
DA:123,0
DA:126,0
DA:130,0
DA:131,0
DA:132,0
DA:133,0
DA:134,0
DA:135,0
DA:136,0
DA:137,0
DA:138,0
DA:144,0
DA:145,0
DA:146,0
DA:147,0
DA:148,0
DA:149,0
DA:150,0
DA:151,0
DA:152,0
DA:153,0
DA:154,0
DA:155,0
DA:164,0
DA:170,0
DA:171,0
DA:173,0
DA:175,0
DA:176,0
DA:178,0
DA:179,0
DA:180,0
DA:185,0
DA:186,0
DA:187,0
DA:188,0
DA:190,0
DA:195,0
DA:198,0
DA:202,0
DA:205,0
DA:206,0
DA:207,0
DA:213,0
DA:219,0
DA:220,0
DA:228,0
DA:229,0
DA:241,1
DA:242,1
DA:243,1
DA:244,1
DA:245,1
DA:246,2
DA:251,0
DA:252,0
DA:253,0
DA:257,0
DA:258,0
DA:265,0
DA:266,0
DA:268,0
DA:269,0
DA:271,0
DA:272,0
DA:274,0
DA:275,0
DA:277,0
DA:278,0
DA:283,0
DA:284,0
LF:114
LH:22
end_of_record
SF:lib\data\services\storage\storage_service.dart
DA:13,1
DA:14,0
DA:15,0
DA:18,1
DA:20,2
DA:28,2
DA:33,0
DA:38,0
DA:40,0
DA:48,0
DA:53,0
DA:58,0
DA:60,0
DA:66,0
DA:67,0
DA:71,0
DA:73,0
DA:76,0
DA:81,0
DA:88,0
DA:89,0
DA:92,0
DA:97,0
DA:99,0
DA:103,0
DA:110,0
DA:113,0
DA:114,0
DA:122,0
DA:127,0
DA:132,0
DA:138,0
DA:140,0
DA:142,0
DA:145,0
DA:146,0
DA:150,0
DA:156,0
DA:161,0
DA:164,0
DA:165,0
DA:172,0
DA:173,0
DA:175,0
DA:183,0
DA:184,0
DA:186,0
DA:193,0
DA:196,0
DA:198,0
DA:200,0
DA:205,0
DA:207,0
DA:209,0
DA:214,0
DA:216,0
DA:218,0
DA:223,1
DA:230,1
DA:231,2
DA:232,1
DA:236,0
LF:62
LH:8
end_of_record
SF:lib\data\services\subscription_plan_service.dart
DA:9,1
DA:10,0
DA:13,1
DA:14,1
DA:15,2
DA:16,1
DA:17,1
DA:18,1
DA:19,3
DA:20,5
DA:21,1
DA:25,0
DA:26,0
DA:27,0
DA:28,0
DA:29,0
DA:30,0
DA:31,0
DA:32,0
DA:36,1
DA:38,5
DA:41,0
DA:46,0
DA:48,0
DA:51,0
DA:56,0
DA:58,0
DA:61,0
DA:66,0
DA:68,0
DA:73,0
LF:31
LH:12
end_of_record
SF:lib\l10n\app_localizations_ar.dart
DA:9,14
DA:11,0
DA:14,0
DA:17,1
DA:20,0
DA:23,0
DA:26,0
DA:29,0
DA:32,0
DA:35,0
DA:38,4
DA:41,4
DA:44,0
DA:47,1
DA:50,0
DA:53,0
DA:56,4
DA:59,0
DA:62,4
DA:65,4
DA:68,1
DA:71,0
DA:74,4
DA:77,4
DA:80,0
DA:83,4
DA:86,3
DA:89,0
DA:92,3
DA:95,0
DA:98,0
DA:101,4
DA:104,1
DA:107,4
DA:110,0
DA:113,0
DA:116,0
DA:119,0
DA:122,3
DA:125,3
DA:128,3
DA:131,0
DA:134,0
DA:137,3
DA:140,3
DA:143,0
DA:146,1
DA:149,0
DA:152,0
DA:155,0
DA:158,0
DA:161,0
DA:164,0
DA:167,0
DA:170,0
DA:173,0
DA:176,0
DA:179,0
DA:182,0
DA:185,0
DA:188,0
DA:191,0
DA:194,0
DA:197,0
DA:200,0
DA:203,0
DA:206,0
DA:209,0
DA:212,0
DA:215,0
DA:218,0
DA:221,0
DA:224,0
DA:227,0
DA:230,0
DA:233,0
DA:236,0
DA:239,0
DA:242,0
DA:245,0
DA:248,0
DA:251,0
DA:254,0
DA:257,0
DA:260,0
DA:263,0
DA:266,0
DA:269,0
DA:272,0
DA:275,0
DA:278,0
DA:281,0
DA:284,0
DA:287,0
DA:290,0
DA:293,0
DA:296,0
DA:299,0
DA:302,0
DA:305,0
DA:308,0
DA:312,0
DA:315,0
DA:318,0
DA:321,0
DA:324,0
DA:327,0
DA:330,0
DA:333,0
DA:336,0
DA:339,0
DA:342,0
DA:345,0
DA:348,0
DA:351,0
DA:354,0
DA:357,0
DA:360,0
DA:363,0
DA:366,0
DA:369,0
DA:372,0
DA:375,1
DA:378,0
DA:381,0
DA:384,0
DA:387,0
DA:390,0
DA:393,0
DA:396,1
DA:399,0
DA:402,0
DA:405,0
DA:408,0
DA:411,0
DA:414,0
DA:417,0
DA:420,0
DA:423,1
DA:426,0
DA:429,0
DA:432,0
DA:435,0
DA:438,0
DA:441,0
DA:444,0
DA:447,0
DA:450,0
DA:453,0
DA:456,0
DA:459,0
DA:462,0
DA:465,0
DA:468,0
DA:471,0
DA:474,0
DA:477,0
DA:480,0
DA:483,0
DA:486,0
DA:489,0
DA:492,0
DA:495,0
DA:498,0
DA:501,0
DA:504,0
DA:507,0
DA:510,0
DA:513,0
DA:516,0
DA:519,0
DA:522,1
DA:525,1
DA:528,0
DA:531,0
DA:534,0
DA:537,0
DA:540,0
DA:542,0
DA:545,0
DA:548,0
DA:551,0
DA:554,0
DA:556,0
DA:559,0
DA:562,0
DA:566,0
DA:569,0
DA:573,0
DA:576,0
DA:580,0
DA:583,0
DA:587,0
DA:590,0
DA:593,0
DA:596,0
DA:599,0
DA:602,0
DA:605,0
DA:608,0
DA:611,0
DA:614,0
DA:617,0
DA:620,0
DA:623,0
DA:626,0
DA:629,0
DA:632,0
DA:635,0
DA:638,0
DA:641,0
DA:644,0
DA:647,0
DA:650,0
DA:653,0
DA:656,0
DA:659,0
DA:662,0
DA:665,0
DA:668,0
DA:671,0
DA:674,0
DA:677,0
DA:680,0
DA:683,0
DA:686,0
DA:689,0
DA:692,0
DA:695,0
DA:698,0
DA:702,0
DA:705,0
DA:707,0
DA:710,0
DA:713,0
DA:716,0
DA:718,0
DA:721,0
DA:723,0
DA:726,0
DA:729,0
DA:732,0
DA:735,0
DA:738,0
DA:741,0
DA:744,0
DA:747,0
DA:750,0
DA:753,0
DA:756,0
DA:758,0
DA:761,0
DA:763,0
DA:766,0
DA:769,0
DA:772,0
DA:775,0
DA:777,0
DA:780,0
DA:783,0
DA:786,0
DA:790,0
DA:793,0
DA:796,0
DA:799,0
DA:802,0
DA:805,0
DA:808,0
DA:811,0
DA:814,0
DA:817,0
DA:820,0
DA:823,0
DA:826,0
DA:829,0
DA:832,0
DA:835,0
DA:838,0
DA:841,0
DA:844,0
DA:847,0
DA:850,0
DA:853,0
DA:856,0
DA:859,0
DA:862,0
DA:865,0
DA:868,0
DA:871,0
DA:874,0
DA:877,0
DA:880,0
DA:883,0
DA:886,0
DA:889,0
DA:892,0
DA:895,0
DA:898,0
DA:900,0
DA:903,0
DA:906,0
DA:909,0
DA:912,0
DA:915,0
DA:918,0
DA:921,0
DA:924,0
DA:927,0
DA:930,0
DA:933,0
DA:936,0
DA:939,0
DA:942,0
DA:945,0
DA:948,0
DA:951,0
DA:954,0
DA:957,0
DA:960,0
DA:963,0
DA:965,0
DA:968,0
DA:971,0
DA:974,0
DA:977,0
DA:980,0
DA:983,0
DA:986,0
DA:989,0
DA:992,0
DA:996,0
DA:999,0
DA:1002,0
DA:1005,0
DA:1008,0
DA:1011,0
DA:1014,0
DA:1017,0
DA:1020,0
DA:1023,0
DA:1026,0
DA:1029,0
DA:1032,0
DA:1034,0
DA:1037,0
DA:1040,0
DA:1043,0
DA:1046,0
DA:1049,0
DA:1051,0
DA:1054,0
DA:1057,0
DA:1060,0
DA:1063,0
DA:1066,0
DA:1069,0
DA:1072,0
DA:1075,0
DA:1078,0
DA:1081,0
DA:1084,0
DA:1086,0
DA:1089,0
DA:1092,0
DA:1094,0
DA:1097,0
DA:1099,0
DA:1102,0
DA:1105,0
DA:1108,0
DA:1111,0
DA:1113,0
DA:1116,0
DA:1119,0
DA:1122,0
DA:1124,0
DA:1127,0
DA:1129,0
DA:1132,0
DA:1134,0
DA:1137,0
DA:1140,0
DA:1144,0
DA:1147,0
DA:1150,0
DA:1153,0
DA:1157,0
DA:1160,0
DA:1163,0
DA:1166,0
DA:1169,0
DA:1172,0
DA:1175,0
DA:1179,0
DA:1182,0
DA:1185,0
DA:1188,0
DA:1191,0
DA:1194,0
DA:1197,0
DA:1200,0
DA:1203,0
DA:1206,0
DA:1209,0
DA:1213,0
DA:1216,0
DA:1219,0
DA:1222,0
DA:1224,0
DA:1227,0
DA:1229,0
DA:1232,0
DA:1235,0
DA:1238,0
DA:1241,0
DA:1244,0
DA:1247,0
DA:1250,0
DA:1253,0
DA:1255,0
DA:1258,0
DA:1260,0
DA:1263,0
DA:1266,0
DA:1269,0
DA:1272,0
DA:1276,0
DA:1279,0
DA:1282,0
DA:1285,0
DA:1288,0
DA:1292,0
DA:1295,0
DA:1298,0
DA:1301,0
DA:1305,0
DA:1308,0
DA:1311,0
DA:1314,0
DA:1317,0
DA:1320,0
DA:1323,0
DA:1325,0
DA:1328,0
DA:1330,0
DA:1333,0
DA:1336,0
DA:1339,0
DA:1342,1
DA:1345,0
DA:1348,0
DA:1351,0
DA:1354,0
DA:1357,0
DA:1360,0
DA:1363,0
DA:1366,0
DA:1369,0
DA:1372,0
DA:1375,0
DA:1378,0
DA:1381,0
DA:1383,0
DA:1386,0
DA:1388,0
DA:1391,0
DA:1394,0
DA:1397,0
DA:1400,0
DA:1403,0
DA:1406,0
DA:1409,0
DA:1412,0
DA:1415,0
DA:1418,0
DA:1421,0
DA:1424,0
DA:1427,0
DA:1430,0
DA:1433,0
DA:1436,0
DA:1439,0
DA:1442,0
DA:1445,0
DA:1447,0
DA:1450,0
DA:1453,0
DA:1456,0
DA:1459,0
DA:1463,0
DA:1466,0
DA:1469,0
DA:1472,0
DA:1475,0
DA:1478,0
DA:1481,0
DA:1484,0
DA:1487,0
DA:1490,0
DA:1493,0
DA:1496,0
DA:1499,0
DA:1502,0
DA:1505,0
DA:1508,0
DA:1511,0
DA:1514,0
DA:1517,0
DA:1519,0
DA:1522,0
DA:1524,0
DA:1527,0
DA:1530,0
DA:1533,0
DA:1536,0
DA:1539,0
DA:1542,0
DA:1545,0
DA:1548,0
DA:1551,0
DA:1554,0
DA:1557,0
DA:1560,0
DA:1563,0
DA:1566,0
DA:1569,0
DA:1572,0
DA:1575,0
DA:1578,0
DA:1581,0
DA:1584,0
DA:1587,0
DA:1590,0
DA:1593,0
DA:1596,0
DA:1599,0
DA:1602,0
DA:1605,0
DA:1608,0
DA:1611,0
DA:1614,0
DA:1617,0
DA:1620,0
DA:1623,0
DA:1627,0
DA:1630,0
DA:1633,0
DA:1636,0
DA:1639,0
DA:1642,0
DA:1645,0
DA:1648,0
DA:1651,0
DA:1654,0
DA:1657,0
DA:1660,0
DA:1663,0
DA:1666,0
DA:1669,0
DA:1673,0
DA:1676,0
DA:1679,0
DA:1682,0
DA:1685,0
DA:1688,0
DA:1691,0
DA:1694,0
DA:1697,0
DA:1699,0
DA:1702,0
DA:1705,0
DA:1708,0
DA:1711,0
DA:1713,0
DA:1716,0
DA:1718,0
DA:1721,0
DA:1724,1
DA:1727,0
DA:1730,0
DA:1733,0
DA:1736,0
DA:1739,0
DA:1742,0
DA:1745,0
DA:1748,0
DA:1751,0
DA:1755,0
DA:1758,0
DA:1761,0
DA:1764,0
DA:1768,0
DA:1771,0
DA:1774,0
DA:1777,0
DA:1780,0
DA:1783,0
DA:1786,0
DA:1789,0
DA:1792,0
DA:1795,3
DA:1798,0
DA:1801,0
DA:1804,0
DA:1807,0
DA:1810,0
DA:1813,0
DA:1816,2
DA:1819,0
DA:1822,0
DA:1825,0
DA:1828,0
DA:1831,0
DA:1834,0
DA:1837,0
DA:1840,0
DA:1843,0
DA:1846,0
DA:1849,0
DA:1852,0
DA:1855,0
DA:1859,0
DA:1862,0
DA:1865,0
DA:1868,0
DA:1871,0
DA:1875,0
DA:1878,0
DA:1881,0
DA:1884,0
DA:1887,0
DA:1890,0
DA:1893,0
DA:1896,0
DA:1899,0
DA:1902,0
DA:1905,0
DA:1908,0
DA:1911,0
DA:1914,0
DA:1917,0
DA:1920,0
DA:1923,0
DA:1926,0
DA:1929,0
DA:1932,0
DA:1934,0
DA:1937,0
DA:1940,0
DA:1943,0
DA:1946,0
DA:1949,0
DA:1952,0
DA:1954,0
DA:1957,0
DA:1960,0
DA:1963,0
DA:1966,0
DA:1969,0
DA:1972,0
DA:1975,0
DA:1977,0
DA:1980,0
DA:1983,1
DA:1986,0
DA:1989,0
DA:1992,0
DA:1995,1
DA:1998,0
DA:2001,0
DA:2005,0
DA:2008,0
DA:2011,0
DA:2015,0
DA:2018,0
DA:2021,0
DA:2024,0
DA:2027,0
DA:2030,1
DA:2033,0
DA:2036,0
DA:2040,0
DA:2042,0
DA:2045,0
DA:2048,0
DA:2052,0
DA:2055,0
DA:2058,0
DA:2061,0
DA:2064,0
DA:2067,0
DA:2069,0
DA:2072,0
DA:2076,0
DA:2079,0
DA:2082,0
DA:2084,0
DA:2087,0
DA:2090,0
DA:2093,0
DA:2096,0
DA:2100,0
DA:2103,0
DA:2106,0
DA:2109,0
DA:2112,0
DA:2115,0
DA:2117,0
DA:2120,0
DA:2123,0
DA:2126,0
DA:2128,0
DA:2131,3
DA:2134,0
DA:2137,0
DA:2141,0
DA:2143,0
DA:2146,1
DA:2148,1
DA:2151,0
DA:2155,0
DA:2159,0
DA:2162,0
DA:2165,0
DA:2169,0
DA:2172,0
DA:2176,0
DA:2179,0
DA:2182,1
DA:2185,1
DA:2188,1
DA:2191,0
DA:2194,0
DA:2197,0
DA:2200,0
DA:2203,0
DA:2206,0
DA:2209,0
DA:2212,0
DA:2215,0
DA:2218,0
DA:2221,0
DA:2224,0
DA:2227,0
DA:2231,0
DA:2234,0
DA:2237,0
DA:2240,0
DA:2243,0
DA:2246,0
DA:2249,0
DA:2252,0
DA:2255,0
DA:2258,0
DA:2261,0
DA:2264,0
DA:2268,0
DA:2271,0
DA:2273,0
DA:2276,1
DA:2279,0
DA:2282,0
DA:2285,0
DA:2288,0
DA:2291,0
DA:2294,0
DA:2297,0
DA:2300,0
DA:2303,0
DA:2306,0
DA:2309,0
DA:2312,0
DA:2315,0
DA:2318,0
DA:2321,0
DA:2324,0
DA:2327,0
DA:2330,0
DA:2333,0
DA:2336,0
DA:2339,0
DA:2342,0
DA:2345,0
DA:2348,0
DA:2351,0
DA:2354,0
DA:2357,0
DA:2360,0
DA:2363,0
DA:2366,0
DA:2369,0
DA:2372,0
DA:2375,0
DA:2378,0
DA:2381,0
DA:2384,0
DA:2387,0
DA:2390,0
DA:2393,0
DA:2395,0
DA:2398,0
DA:2401,0
DA:2404,0
DA:2406,0
DA:2409,0
DA:2412,0
DA:2415,0
DA:2418,0
DA:2421,0
DA:2424,0
DA:2427,0
DA:2430,0
DA:2434,0
DA:2436,0
DA:2439,0
DA:2442,0
DA:2445,0
DA:2448,0
DA:2451,0
DA:2455,0
DA:2458,0
DA:2461,0
DA:2464,0
DA:2467,0
DA:2470,0
DA:2473,0
DA:2476,0
DA:2479,0
DA:2482,0
DA:2485,0
DA:2488,0
DA:2492,0
DA:2495,0
DA:2498,0
DA:2501,0
DA:2504,0
DA:2507,0
DA:2510,0
DA:2512,0
DA:2515,0
DA:2518,0
DA:2522,0
DA:2524,0
DA:2527,0
DA:2530,0
DA:2533,0
DA:2536,0
DA:2539,0
DA:2542,0
DA:2545,0
DA:2548,0
DA:2551,0
DA:2554,0
DA:2557,0
DA:2560,0
DA:2563,0
DA:2566,0
DA:2569,0
DA:2572,0
DA:2575,0
DA:2578,0
DA:2581,0
DA:2584,0
DA:2587,0
DA:2590,0
DA:2593,0
DA:2596,0
DA:2599,0
DA:2602,0
DA:2605,0
DA:2608,0
DA:2611,0
DA:2614,0
DA:2617,0
DA:2620,0
DA:2622,0
DA:2625,0
DA:2628,0
DA:2632,0
DA:2634,0
DA:2637,0
DA:2640,0
DA:2643,0
DA:2646,0
DA:2649,0
DA:2652,0
DA:2655,0
DA:2658,0
DA:2661,0
DA:2663,0
DA:2666,0
DA:2669,0
DA:2672,0
DA:2675,0
DA:2678,0
DA:2682,0
DA:2685,0
DA:2688,0
DA:2691,0
DA:2694,0
DA:2697,0
DA:2700,0
DA:2703,0
DA:2706,0
DA:2709,0
DA:2712,0
DA:2715,0
DA:2718,0
DA:2721,0
DA:2724,0
DA:2727,0
DA:2730,0
DA:2734,0
DA:2737,0
DA:2741,0
DA:2744,0
DA:2748,0
DA:2751,0
DA:2755,0
DA:2758,0
DA:2761,0
DA:2764,0
DA:2767,0
DA:2770,0
DA:2773,0
DA:2776,0
DA:2779,0
DA:2782,0
DA:2785,0
DA:2788,0
DA:2791,0
DA:2795,0
DA:2798,0
DA:2801,0
DA:2804,0
DA:2808,0
DA:2812,0
DA:2816,0
DA:2819,0
DA:2822,0
DA:2825,0
DA:2828,0
DA:2831,0
DA:2834,0
DA:2837,0
DA:2840,0
DA:2843,0
DA:2846,0
DA:2849,0
DA:2852,0
DA:2855,0
DA:2858,0
DA:2861,0
DA:2864,0
DA:2867,0
DA:2870,0
DA:2873,0
DA:2876,0
DA:2879,0
DA:2882,0
DA:2885,0
DA:2888,0
DA:2891,0
DA:2895,0
DA:2898,0
DA:2902,0
DA:2905,0
DA:2909,0
DA:2912,0
DA:2916,0
DA:2918,0
DA:2921,0
DA:2923,0
DA:2926,0
DA:2928,0
DA:2931,0
DA:2933,0
DA:2936,0
DA:2938,0
DA:2941,0
DA:2943,0
DA:2946,0
DA:2948,0
DA:2951,0
DA:2954,0
DA:2958,0
DA:2960,0
DA:2963,0
DA:2965,0
DA:2968,0
DA:2970,0
DA:2973,0
DA:2975,0
DA:2978,0
DA:2980,0
DA:2983,0
DA:2985,0
DA:2988,0
DA:2990,0
DA:2993,0
DA:2997,0
DA:3000,0
DA:3003,0
DA:3007,0
DA:3010,0
DA:3014,0
DA:3016,0
DA:3019,0
DA:3021,0
DA:3024,0
DA:3026,0
DA:3029,0
DA:3031,0
DA:3034,0
DA:3036,0
DA:3039,0
DA:3041,0
DA:3044,0
DA:3046,0
DA:3049,0
DA:3051,0
DA:3054,0
DA:3056,0
DA:3059,0
DA:3061,0
DA:3064,0
DA:3066,0
DA:3069,0
DA:3071,0
DA:3074,0
DA:3076,0
DA:3079,0
DA:3081,0
DA:3084,0
DA:3087,0
DA:3091,0
DA:3095,0
DA:3099,0
DA:3102,0
DA:3104,0
DA:3107,0
DA:3111,0
DA:3114,0
DA:3118,0
DA:3121,0
DA:3124,0
DA:3127,0
DA:3130,0
DA:3133,0
DA:3136,0
DA:3139,0
DA:3142,0
DA:3145,0
DA:3148,0
DA:3151,0
DA:3154,0
DA:3157,0
DA:3160,0
DA:3163,0
DA:3166,0
DA:3169,0
DA:3172,0
DA:3175,0
DA:3178,0
DA:3181,0
DA:3184,0
DA:3188,0
DA:3191,0
DA:3194,0
DA:3197,0
DA:3200,0
DA:3203,0
DA:3206,0
DA:3209,0
DA:3212,0
DA:3215,0
DA:3218,0
DA:3221,0
DA:3224,0
DA:3227,0
DA:3230,0
DA:3233,0
DA:3235,0
DA:3238,0
DA:3241,0
DA:3244,0
DA:3247,0
DA:3250,1
DA:3253,0
DA:3256,1
DA:3259,0
DA:3262,0
DA:3265,0
DA:3268,0
DA:3271,0
DA:3274,0
DA:3277,0
DA:3281,0
DA:3284,0
DA:3287,1
DA:3290,0
DA:3293,0
LF:1102
LH:45
end_of_record
SF:lib\l10n\app_localizations_en.dart
DA:9,0
DA:11,0
DA:14,0
DA:17,0
DA:20,0
DA:23,0
DA:26,0
DA:29,0
DA:32,0
DA:35,0
DA:38,0
DA:41,0
DA:44,0
DA:47,0
DA:50,0
DA:53,0
DA:56,0
DA:59,0
DA:62,0
DA:65,0
DA:68,0
DA:71,0
DA:74,0
DA:77,0
DA:80,0
DA:83,0
DA:86,0
DA:89,0
DA:92,0
DA:95,0
DA:99,0
DA:102,0
DA:105,0
DA:108,0
DA:111,0
DA:114,0
DA:117,0
DA:120,0
DA:123,0
DA:126,0
DA:129,0
DA:132,0
DA:135,0
DA:138,0
DA:141,0
DA:144,0
DA:147,0
DA:150,0
DA:153,0
DA:156,0
DA:159,0
DA:162,0
DA:165,0
DA:168,0
DA:171,0
DA:174,0
DA:177,0
DA:180,0
DA:183,0
DA:186,0
DA:189,0
DA:192,0
DA:195,0
DA:198,0
DA:201,0
DA:204,0
DA:207,0
DA:210,0
DA:213,0
DA:216,0
DA:219,0
DA:222,0
DA:225,0
DA:228,0
DA:231,0
DA:234,0
DA:237,0
DA:240,0
DA:243,0
DA:246,0
DA:249,0
DA:252,0
DA:255,0
DA:258,0
DA:261,0
DA:264,0
DA:267,0
DA:270,0
DA:273,0
DA:276,0
DA:279,0
DA:282,0
DA:285,0
DA:288,0
DA:291,0
DA:294,0
DA:297,0
DA:300,0
DA:303,0
DA:306,0
DA:309,0
DA:313,0
DA:316,0
DA:319,0
DA:322,0
DA:325,0
DA:328,0
DA:331,0
DA:334,0
DA:337,0
DA:340,0
DA:343,0
DA:346,0
DA:349,0
DA:352,0
DA:355,0
DA:358,0
DA:361,0
DA:364,0
DA:367,0
DA:370,0
DA:373,0
DA:376,0
DA:379,0
DA:382,0
DA:385,0
DA:388,0
DA:391,0
DA:394,0
DA:397,0
DA:400,0
DA:403,0
DA:406,0
DA:409,0
DA:412,0
DA:415,0
DA:418,0
DA:421,0
DA:424,0
DA:427,0
DA:430,0
DA:433,0
DA:436,0
DA:439,0
DA:442,0
DA:445,0
DA:448,0
DA:451,0
DA:454,0
DA:457,0
DA:460,0
DA:463,0
DA:466,0
DA:469,0
DA:472,0
DA:475,0
DA:478,0
DA:481,0
DA:484,0
DA:487,0
DA:490,0
DA:493,0
DA:496,0
DA:499,0
DA:502,0
DA:505,0
DA:508,0
DA:511,0
DA:514,0
DA:517,0
DA:520,0
DA:523,0
DA:526,0
DA:529,0
DA:532,0
DA:535,0
DA:538,0
DA:541,0
DA:543,0
DA:546,0
DA:549,0
DA:553,0
DA:556,0
DA:558,0
DA:561,0
DA:564,0
DA:568,0
DA:571,0
DA:575,0
DA:578,0
DA:582,0
DA:585,0
DA:589,0
DA:592,0
DA:595,0
DA:598,0
DA:601,0
DA:604,0
DA:607,0
DA:610,0
DA:613,0
DA:616,0
DA:619,0
DA:622,0
DA:625,0
DA:628,0
DA:631,0
DA:634,0
DA:637,0
DA:640,0
DA:643,0
DA:646,0
DA:649,0
DA:652,0
DA:655,0
DA:658,0
DA:661,0
DA:664,0
DA:667,0
DA:670,0
DA:673,0
DA:676,0
DA:679,0
DA:682,0
DA:685,0
DA:688,0
DA:692,0
DA:695,0
DA:698,0
DA:701,0
DA:704,0
DA:707,0
DA:709,0
DA:712,0
DA:715,0
DA:718,0
DA:720,0
DA:723,0
DA:725,0
DA:728,0
DA:731,0
DA:734,0
DA:737,0
DA:740,0
DA:743,0
DA:746,0
DA:749,0
DA:752,0
DA:755,0
DA:758,0
DA:760,0
DA:763,0
DA:765,0
DA:768,0
DA:771,0
DA:774,0
DA:777,0
DA:779,0
DA:782,0
DA:785,0
DA:788,0
DA:792,0
DA:795,0
DA:798,0
DA:801,0
DA:804,0
DA:807,0
DA:810,0
DA:813,0
DA:816,0
DA:819,0
DA:822,0
DA:825,0
DA:828,0
DA:831,0
DA:835,0
DA:838,0
DA:841,0
DA:844,0
DA:847,0
DA:850,0
DA:853,0
DA:856,0
DA:859,0
DA:862,0
DA:866,0
DA:869,0
DA:872,0
DA:875,0
DA:878,0
DA:881,0
DA:884,0
DA:887,0
DA:890,0
DA:893,0
DA:896,0
DA:899,0
DA:902,0
DA:904,0
DA:907,0
DA:910,0
DA:913,0
DA:916,0
DA:919,0
DA:922,0
DA:925,0
DA:928,0
DA:931,0
DA:934,0
DA:937,0
DA:940,0
DA:943,0
DA:946,0
DA:949,0
DA:952,0
DA:955,0
DA:958,0
DA:961,0
DA:964,0
DA:967,0
DA:969,0
DA:972,0
DA:975,0
DA:978,0
DA:981,0
DA:984,0
DA:987,0
DA:990,0
DA:993,0
DA:996,0
DA:1000,0
DA:1003,0
DA:1006,0
DA:1009,0
DA:1013,0
DA:1016,0
DA:1019,0
DA:1022,0
DA:1025,0
DA:1028,0
DA:1032,0
DA:1035,0
DA:1038,0
DA:1040,0
DA:1043,0
DA:1046,0
DA:1049,0
DA:1052,0
DA:1055,0
DA:1057,0
DA:1060,0
DA:1063,0
DA:1066,0
DA:1069,0
DA:1072,0
DA:1075,0
DA:1079,0
DA:1082,0
DA:1085,0
DA:1089,0
DA:1092,0
DA:1094,0
DA:1097,0
DA:1100,0
DA:1102,0
DA:1105,0
DA:1107,0
DA:1110,0
DA:1113,0
DA:1116,0
DA:1119,0
DA:1121,0
DA:1124,0
DA:1127,0
DA:1130,0
DA:1132,0
DA:1135,0
DA:1137,0
DA:1140,0
DA:1142,0
DA:1145,0
DA:1148,0
DA:1152,0
DA:1155,0
DA:1158,0
DA:1161,0
DA:1164,0
DA:1167,0
DA:1170,0
DA:1173,0
DA:1176,0
DA:1179,0
DA:1182,0
DA:1186,0
DA:1189,0
DA:1192,0
DA:1195,0
DA:1198,0
DA:1201,0
DA:1204,0
DA:1207,0
DA:1210,0
DA:1213,0
DA:1216,0
DA:1220,0
DA:1223,0
DA:1226,0
DA:1229,0
DA:1231,0
DA:1234,0
DA:1236,0
DA:1239,0
DA:1242,0
DA:1245,0
DA:1248,0
DA:1251,0
DA:1254,0
DA:1257,0
DA:1260,0
DA:1262,0
DA:1265,0
DA:1267,0
DA:1270,0
DA:1273,0
DA:1276,0
DA:1279,0
DA:1283,0
DA:1286,0
DA:1289,0
DA:1292,0
DA:1295,0
DA:1299,0
DA:1302,0
DA:1305,0
DA:1308,0
DA:1311,0
DA:1314,0
DA:1317,0
DA:1320,0
DA:1323,0
DA:1326,0
DA:1329,0
DA:1331,0
DA:1334,0
DA:1336,0
DA:1339,0
DA:1342,0
DA:1345,0
DA:1348,0
DA:1351,0
DA:1354,0
DA:1357,0
DA:1360,0
DA:1363,0
DA:1366,0
DA:1369,0
DA:1372,0
DA:1375,0
DA:1378,0
DA:1382,0
DA:1385,0
DA:1389,0
DA:1391,0
DA:1394,0
DA:1396,0
DA:1399,0
DA:1402,0
DA:1405,0
DA:1408,0
DA:1411,0
DA:1414,0
DA:1417,0
DA:1420,0
DA:1423,0
DA:1426,0
DA:1429,0
DA:1432,0
DA:1435,0
DA:1438,0
DA:1441,0
DA:1444,0
DA:1447,0
DA:1450,0
DA:1453,0
DA:1455,0
DA:1458,0
DA:1462,0
DA:1465,0
DA:1468,0
DA:1472,0
DA:1475,0
DA:1478,0
DA:1481,0
DA:1485,0
DA:1488,0
DA:1491,0
DA:1494,0
DA:1497,0
DA:1500,0
DA:1503,0
DA:1506,0
DA:1509,0
DA:1512,0
DA:1515,0
DA:1518,0
DA:1521,0
DA:1524,0
DA:1527,0
DA:1529,0
DA:1532,0
DA:1534,0
DA:1537,0
DA:1540,0
DA:1543,0
DA:1546,0
DA:1549,0
DA:1552,0
DA:1555,0
DA:1558,0
DA:1561,0
DA:1564,0
DA:1567,0
DA:1571,0
DA:1574,0
DA:1577,0
DA:1580,0
DA:1583,0
DA:1586,0
DA:1589,0
DA:1593,0
DA:1596,0
DA:1599,0
DA:1602,0
DA:1605,0
DA:1608,0
DA:1611,0
DA:1614,0
DA:1617,0
DA:1620,0
DA:1623,0
DA:1626,0
DA:1629,0
DA:1632,0
DA:1635,0
DA:1639,0
DA:1642,0
DA:1645,0
DA:1648,0
DA:1651,0
DA:1654,0
DA:1657,0
DA:1660,0
DA:1663,0
DA:1666,0
DA:1669,0
DA:1672,0
DA:1675,0
DA:1678,0
DA:1681,0
DA:1685,0
DA:1688,0
DA:1691,0
DA:1694,0
DA:1697,0
DA:1700,0
DA:1704,0
DA:1707,0
DA:1710,0
DA:1712,0
DA:1715,0
DA:1718,0
DA:1721,0
DA:1724,0
DA:1726,0
DA:1729,0
DA:1731,0
DA:1734,0
DA:1737,0
DA:1740,0
DA:1743,0
DA:1746,0
DA:1749,0
DA:1752,0
DA:1755,0
DA:1759,0
DA:1762,0
DA:1765,0
DA:1769,0
DA:1772,0
DA:1775,0
DA:1778,0
DA:1782,0
DA:1785,0
DA:1788,0
DA:1791,0
DA:1794,0
DA:1797,0
DA:1800,0
DA:1803,0
DA:1806,0
DA:1809,0
DA:1812,0
DA:1815,0
DA:1818,0
DA:1821,0
DA:1824,0
DA:1827,0
DA:1830,0
DA:1833,0
DA:1836,0
DA:1839,0
DA:1842,0
DA:1845,0
DA:1848,0
DA:1851,0
DA:1854,0
DA:1857,0
DA:1860,0
DA:1863,0
DA:1866,0
DA:1869,0
DA:1873,0
DA:1876,0
DA:1880,0
DA:1884,0
DA:1887,0
DA:1891,0
DA:1894,0
DA:1897,0
DA:1900,0
DA:1903,0
DA:1906,0
DA:1909,0
DA:1912,0
DA:1915,0
DA:1918,0
DA:1921,0
DA:1924,0
DA:1927,0
DA:1930,0
DA:1933,0
DA:1936,0
DA:1939,0
DA:1942,0
DA:1945,0
DA:1948,0
DA:1950,0
DA:1953,0
DA:1956,0
DA:1959,0
DA:1962,0
DA:1965,0
DA:1968,0
DA:1970,0
DA:1973,0
DA:1976,0
DA:1979,0
DA:1982,0
DA:1985,0
DA:1988,0
DA:1991,0
DA:1993,0
DA:1996,0
DA:1999,0
DA:2002,0
DA:2005,0
DA:2008,0
DA:2011,0
DA:2014,0
DA:2017,0
DA:2021,0
DA:2024,0
DA:2027,0
DA:2031,0
DA:2034,0
DA:2037,0
DA:2040,0
DA:2043,0
DA:2046,0
DA:2049,0
DA:2053,0
DA:2057,0
DA:2059,0
DA:2062,0
DA:2065,0
DA:2069,0
DA:2072,0
DA:2075,0
DA:2078,0
DA:2081,0
DA:2084,0
DA:2086,0
DA:2089,0
DA:2093,0
DA:2096,0
DA:2099,0
DA:2101,0
DA:2104,0
DA:2107,0
DA:2110,0
DA:2113,0
DA:2117,0
DA:2120,0
DA:2123,0
DA:2126,0
DA:2129,0
DA:2132,0
DA:2134,0
DA:2137,0
DA:2140,0
DA:2143,0
DA:2145,0
DA:2148,0
DA:2151,0
DA:2154,0
DA:2158,0
DA:2160,0
DA:2163,0
DA:2165,0
DA:2168,0
DA:2172,0
DA:2176,0
DA:2179,0
DA:2182,0
DA:2186,0
DA:2189,0
DA:2193,0
DA:2196,0
DA:2199,0
DA:2203,0
DA:2206,0
DA:2210,0
DA:2213,0
DA:2216,0
DA:2219,0
DA:2222,0
DA:2225,0
DA:2228,0
DA:2231,0
DA:2234,0
DA:2237,0
DA:2240,0
DA:2244,0
DA:2247,0
DA:2251,0
DA:2254,0
DA:2257,0
DA:2260,0
DA:2263,0
DA:2266,0
DA:2269,0
DA:2272,0
DA:2275,0
DA:2278,0
DA:2281,0
DA:2284,0
DA:2288,0
DA:2291,0
DA:2293,0
DA:2296,0
DA:2299,0
DA:2302,0
DA:2305,0
DA:2308,0
DA:2311,0
DA:2314,0
DA:2317,0
DA:2320,0
DA:2323,0
DA:2326,0
DA:2329,0
DA:2332,0
DA:2335,0
DA:2338,0
DA:2341,0
DA:2344,0
DA:2347,0
DA:2350,0
DA:2353,0
DA:2356,0
DA:2359,0
DA:2362,0
DA:2365,0
DA:2368,0
DA:2371,0
DA:2374,0
DA:2377,0
DA:2381,0
DA:2384,0
DA:2387,0
DA:2390,0
DA:2393,0
DA:2396,0
DA:2400,0
DA:2403,0
DA:2406,0
DA:2409,0
DA:2412,0
DA:2415,0
DA:2417,0
DA:2420,0
DA:2423,0
DA:2426,0
DA:2428,0
DA:2431,0
DA:2434,0
DA:2437,0
DA:2440,0
DA:2443,0
DA:2446,0
DA:2449,0
DA:2452,0
DA:2456,0
DA:2458,0
DA:2461,0
DA:2464,0
DA:2467,0
DA:2470,0
DA:2473,0
DA:2477,0
DA:2480,0
DA:2483,0
DA:2486,0
DA:2490,0
DA:2493,0
DA:2496,0
DA:2499,0
DA:2502,0
DA:2506,0
DA:2509,0
DA:2512,0
DA:2516,0
DA:2519,0
DA:2522,0
DA:2525,0
DA:2528,0
DA:2531,0
DA:2534,0
DA:2536,0
DA:2539,0
DA:2542,0
DA:2546,0
DA:2548,0
DA:2551,0
DA:2554,0
DA:2557,0
DA:2560,0
DA:2563,0
DA:2566,0
DA:2569,0
DA:2572,0
DA:2576,0
DA:2579,0
DA:2582,0
DA:2585,0
DA:2588,0
DA:2591,0
DA:2594,0
DA:2597,0
DA:2601,0
DA:2604,0
DA:2607,0
DA:2610,0
DA:2613,0
DA:2616,0
DA:2619,0
DA:2622,0
DA:2625,0
DA:2628,0
DA:2631,0
DA:2635,0
DA:2638,0
DA:2642,0
DA:2645,0
DA:2648,0
DA:2650,0
DA:2653,0
DA:2656,0
DA:2660,0
DA:2662,0
DA:2665,0
DA:2668,0
DA:2671,0
DA:2674,0
DA:2677,0
DA:2680,0
DA:2683,0
DA:2686,0
DA:2689,0
DA:2691,0
DA:2694,0
DA:2697,0
DA:2700,0
DA:2703,0
DA:2706,0
DA:2710,0
DA:2713,0
DA:2716,0
DA:2719,0
DA:2722,0
DA:2725,0
DA:2728,0
DA:2731,0
DA:2734,0
DA:2737,0
DA:2740,0
DA:2743,0
DA:2746,0
DA:2749,0
DA:2752,0
DA:2755,0
DA:2758,0
DA:2762,0
DA:2765,0
DA:2769,0
DA:2772,0
DA:2776,0
DA:2779,0
DA:2783,0
DA:2786,0
DA:2789,0
DA:2792,0
DA:2795,0
DA:2798,0
DA:2801,0
DA:2804,0
DA:2807,0
DA:2810,0
DA:2813,0
DA:2816,0
DA:2819,0
DA:2823,0
DA:2826,0
DA:2829,0
DA:2832,0
DA:2836,0
DA:2840,0
DA:2844,0
DA:2847,0
DA:2850,0
DA:2853,0
DA:2856,0
DA:2859,0
DA:2862,0
DA:2865,0
DA:2868,0
DA:2871,0
DA:2874,0
DA:2877,0
DA:2880,0
DA:2883,0
DA:2886,0
DA:2889,0
DA:2892,0
DA:2895,0
DA:2898,0
DA:2901,0
DA:2904,0
DA:2907,0
DA:2910,0
DA:2913,0
DA:2916,0
DA:2919,0
DA:2923,0
DA:2926,0
DA:2930,0
DA:2934,0
DA:2938,0
DA:2942,0
DA:2946,0
DA:2948,0
DA:2951,0
DA:2953,0
DA:2956,0
DA:2958,0
DA:2961,0
DA:2963,0
DA:2966,0
DA:2968,0
DA:2971,0
DA:2973,0
DA:2976,0
DA:2978,0
DA:2981,0
DA:2984,0
DA:2987,0
DA:2989,0
DA:2992,0
DA:2994,0
DA:2997,0
DA:2999,0
DA:3002,0
DA:3004,0
DA:3007,0
DA:3009,0
DA:3012,0
DA:3014,0
DA:3017,0
DA:3019,0
DA:3022,0
DA:3026,0
DA:3029,0
DA:3032,0
DA:3036,0
DA:3039,0
DA:3043,0
DA:3045,0
DA:3048,0
DA:3050,0
DA:3053,0
DA:3055,0
DA:3058,0
DA:3060,0
DA:3063,0
DA:3065,0
DA:3068,0
DA:3070,0
DA:3073,0
DA:3075,0
DA:3078,0
DA:3080,0
DA:3083,0
DA:3085,0
DA:3088,0
DA:3090,0
DA:3093,0
DA:3095,0
DA:3098,0
DA:3100,0
DA:3103,0
DA:3105,0
DA:3108,0
DA:3110,0
DA:3113,0
DA:3116,0
DA:3120,0
DA:3124,0
DA:3128,0
DA:3131,0
DA:3133,0
DA:3136,0
DA:3140,0
DA:3143,0
DA:3147,0
DA:3150,0
DA:3153,0
DA:3156,0
DA:3159,0
DA:3162,0
DA:3165,0
DA:3168,0
DA:3171,0
DA:3174,0
DA:3177,0
DA:3180,0
DA:3183,0
DA:3186,0
DA:3189,0
DA:3192,0
DA:3195,0
DA:3198,0
DA:3201,0
DA:3204,0
DA:3207,0
DA:3210,0
DA:3213,0
DA:3217,0
DA:3220,0
DA:3223,0
DA:3226,0
DA:3229,0
DA:3232,0
DA:3235,0
DA:3238,0
DA:3241,0
DA:3244,0
DA:3247,0
DA:3250,0
DA:3253,0
DA:3256,0
DA:3259,0
DA:3262,0
DA:3264,0
DA:3267,0
DA:3270,0
DA:3273,0
DA:3276,0
DA:3279,0
DA:3282,0
DA:3285,0
DA:3288,0
DA:3291,0
DA:3294,0
DA:3297,0
DA:3300,0
DA:3303,0
DA:3306,0
DA:3310,0
DA:3313,0
DA:3316,0
DA:3319,0
DA:3322,0
LF:1102
LH:0
end_of_record
SF:lib\presentation\navigation\app_bottom_navigation.dart
DA:19,0
DA:28,0
DA:29,0
DA:32,0
DA:33,0
DA:36,0
DA:37,0
DA:40,0
DA:41,0
DA:44,0
DA:49,0
DA:50,0
DA:53,0
DA:54,0
DA:57,0
DA:58,0
DA:61,0
DA:63,0
DA:66,0
DA:67,0
DA:70,0
DA:76,0
DA:77,0
DA:80,0
DA:82,0
DA:85,0
DA:86,0
DA:89,0
DA:90,0
DA:93,0
DA:94,0
DA:97,0
DA:100,0
DA:102,0
DA:103,0
DA:104,0
DA:107,0
DA:109,0
DA:111,0
DA:112,0
DA:113,0
DA:114,0
DA:116,0
DA:117,0
DA:118,0
DA:120,0
DA:121,0
DA:128,0
DA:129,0
DA:133,0
DA:134,0
DA:137,0
DA:138,0
DA:142,0
DA:146,0
DA:149,0
DA:151,0
DA:152,0
DA:161,0
DA:163,0
DA:164,0
DA:170,0
DA:171,0
DA:173,0
DA:174,0
DA:178,0
DA:181,0
DA:186,0
DA:188,0
DA:190,0
DA:192,0
DA:194,0
DA:196,0
DA:198,0
DA:199,0
DA:200,0
DA:205,0
DA:206,0
DA:207,0
DA:210,0
DA:216,0
DA:218,0
DA:220,0
DA:221,0
DA:222,0
DA:245,0
LF:86
LH:0
end_of_record
SF:lib\presentation\widgets\hero\glass_container.dart
DA:39,0
DA:58,1
DA:60,3
DA:63,1
DA:64,2
DA:67,2
DA:68,2
DA:70,3
DA:73,1
DA:81,1
DA:92,1
DA:101,1
DA:103,1
DA:106,0
DA:108,1
DA:112,1
DA:122,1
DA:129,1
DA:130,1
DA:131,1
DA:132,1
DA:133,1
DA:135,1
DA:136,3
DA:137,1
DA:138,1
DA:139,1
DA:140,2
DA:142,1
DA:143,2
DA:144,1
DA:147,1
DA:149,1
DA:150,1
DA:152,1
DA:153,1
DA:154,1
DA:165,1
DA:172,1
DA:174,1
DA:175,1
DA:176,1
DA:177,1
DA:178,1
DA:180,2
DA:181,1
DA:184,1
DA:185,1
DA:186,1
DA:188,0
DA:189,1
DA:190,1
DA:191,1
DA:196,1
DA:199,1
DA:200,1
DA:202,1
DA:203,1
DA:204,1
LF:59
LH:56
end_of_record
SF:lib\presentation\providers\city_provider.dart
DA:8,2
DA:14,4
DA:15,2
DA:16,2
DA:20,2
DA:21,2
DA:23,6
DA:24,2
DA:26,2
DA:28,2
DA:32,1
DA:33,1
DA:35,2
DA:36,2
DA:38,6
DA:39,1
DA:41,2
DA:43,1
DA:47,1
DA:48,1
DA:50,2
DA:51,6
DA:52,2
DA:53,2
DA:54,6
DA:56,1
DA:58,0
DA:60,1
DA:64,1
DA:65,1
DA:67,2
DA:68,5
DA:69,2
DA:70,5
DA:72,1
DA:74,0
DA:76,1
DA:80,1
DA:81,1
DA:83,2
DA:84,5
DA:85,1
DA:87,2
DA:89,1
DA:93,2
DA:94,4
DA:95,2
DA:96,2
LF:48
LH:46
end_of_record
SF:lib\presentation\screens\admin\admin_dashboard_screen.dart
DA:22,5
DA:24,0
DA:25,0
DA:31,0
DA:33,0
DA:34,0
DA:37,0
DA:38,0
DA:39,0
DA:40,0
DA:42,0
DA:43,0
DA:44,0
DA:45,0
DA:46,0
DA:49,0
DA:50,0
DA:51,0
DA:52,0
DA:55,0
DA:56,0
DA:57,0
DA:58,0
DA:59,0
DA:60,0
DA:64,0
DA:65,0
DA:67,0
DA:69,0
DA:70,0
DA:72,0
DA:73,0
DA:74,0
DA:75,0
DA:76,0
DA:77,0
DA:78,0
DA:80,0
DA:81,0
DA:82,0
DA:88,0
DA:89,0
DA:92,0
DA:95,0
DA:96,0
DA:97,0
LF:46
LH:1
end_of_record
SF:lib\presentation\screens\admin\tabs\admin_reports_tab.dart
DA:15,5
DA:17,0
DA:18,0
DA:30,0
DA:32,0
DA:33,0
DA:34,0
DA:35,0
DA:36,0
DA:40,0
DA:41,0
DA:42,0
DA:46,0
DA:48,0
DA:49,0
DA:50,0
DA:52,0
DA:53,0
DA:56,0
DA:59,0
DA:60,0
DA:67,0
DA:68,0
DA:69,0
DA:78,0
DA:80,0
DA:82,0
DA:83,0
DA:84,0
DA:86,0
DA:88,0
DA:89,0
DA:90,0
DA:91,0
DA:93,0
DA:95,0
DA:98,0
DA:100,0
DA:101,0
DA:102,0
DA:103,0
DA:105,0
DA:106,0
DA:113,0
DA:114,0
DA:115,0
DA:117,0
DA:122,0
DA:124,0
DA:125,0
DA:129,0
DA:131,0
DA:132,0
DA:133,0
DA:136,0
DA:137,0
DA:146,0
DA:152,0
DA:153,0
DA:154,0
DA:157,0
DA:158,0
DA:167,0
DA:180,0
DA:182,0
DA:183,0
DA:185,0
DA:186,0
DA:188,0
DA:194,0
DA:197,0
DA:203,0
DA:204,0
DA:206,0
DA:207,0
DA:211,0
DA:212,0
DA:214,0
DA:216,0
DA:218,0
DA:220,0
DA:221,0
DA:222,0
DA:225,0
DA:227,0
DA:228,0
DA:229,0
DA:231,0
DA:232,0
DA:233,0
DA:236,0
DA:237,0
DA:238,0
DA:244,0
DA:246,0
DA:247,0
DA:248,0
DA:251,0
DA:252,0
DA:253,0
DA:259,0
DA:261,0
DA:262,0
DA:263,0
DA:266,0
DA:267,0
DA:268,0
DA:278,0
DA:279,0
DA:280,0
DA:281,0
DA:282,0
DA:283,0
DA:286,0
DA:287,0
DA:288,0
DA:294,0
DA:295,0
DA:296,0
DA:297,0
DA:300,0
DA:301,0
DA:302,0
DA:308,0
DA:309,0
DA:310,0
DA:311,0
DA:314,0
DA:315,0
DA:316,0
DA:327,0
DA:328,0
DA:329,0
DA:331,0
DA:333,0
DA:335,0
DA:337,0
DA:338,0
DA:340,0
DA:342,0
DA:343,0
DA:344,0
DA:346,0
DA:347,0
DA:348,0
DA:350,0
DA:351,0
DA:356,0
DA:357,0
DA:359,0
DA:360,0
DA:361,0
DA:367,0
DA:368,0
DA:369,0
DA:370,0
DA:377,0
DA:383,0
DA:386,0
DA:387,0
DA:388,0
DA:390,0
DA:391,0
DA:398,0
DA:399,0
DA:400,0
DA:401,0
DA:403,0
DA:404,0
DA:405,0
DA:406,0
DA:407,0
DA:408,0
DA:409,0
DA:410,0
DA:411,0
DA:412,0
DA:413,0
DA:415,0
DA:416,0
DA:421,0
DA:422,0
DA:423,0
DA:424,0
DA:431,0
DA:432,0
DA:434,0
DA:435,0
DA:436,0
DA:437,0
DA:444,0
DA:449,0
DA:450,0
DA:453,0
DA:454,0
DA:455,0
DA:470,0
DA:471,0
DA:472,0
DA:473,0
DA:474,0
DA:475,0
DA:477,0
DA:478,0
DA:482,0
DA:491,0
DA:492,0
DA:496,0
DA:497,0
DA:499,0
DA:500,0
DA:504,0
DA:518,0
DA:520,0
DA:521,0
DA:527,0
DA:539,0
DA:541,0
DA:544,0
DA:545,0
DA:546,0
DA:548,0
DA:550,0
DA:552,0
DA:556,0
DA:557,0
DA:558,0
DA:573,0
DA:574,0
DA:577,0
DA:578,0
DA:583,0
DA:585,0
DA:587,0
DA:589,0
DA:591,0
DA:593,0
DA:595,0
DA:597,0
DA:601,0
DA:603,0
DA:604,0
DA:605,0
DA:606,0
DA:608,0
DA:610,0
DA:619,0
DA:620,0
DA:621,0
DA:623,0
DA:624,0
DA:625,0
DA:626,0
DA:627,0
DA:629,0
DA:630,0
DA:632,0
DA:634,0
DA:635,0
DA:642,0
DA:643,0
DA:644,0
DA:645,0
DA:647,0
DA:648,0
DA:649,0
DA:655,0
DA:656,0
DA:657,0
DA:658,0
DA:661,0
DA:663,0
DA:664,0
DA:665,0
DA:666,0
DA:667,0
DA:681,0
DA:686,0
DA:689,0
DA:691,0
DA:692,0
DA:693,0
DA:696,0
DA:697,0
DA:698,0
DA:699,0
DA:700,0
DA:703,0
DA:704,0
DA:707,0
DA:708,0
DA:711,0
DA:712,0
DA:713,0
DA:714,0
DA:721,0
DA:723,0
DA:726,0
DA:728,0
DA:732,0
DA:733,0
DA:739,0
DA:740,0
DA:741,0
DA:747,0
DA:756,0
DA:757,0
DA:758,0
DA:764,0
DA:773,0
DA:774,0
DA:775,0
DA:780,0
DA:781,0
DA:782,0
DA:793,0
DA:798,0
DA:799,0
DA:800,0
DA:801,0
DA:802,0
DA:803,0
DA:804,0
DA:805,0
DA:806,0
DA:808,0
DA:809,0
DA:811,0
DA:812,0
DA:818,0
DA:821,0
DA:822,0
DA:823,0
DA:824,0
DA:826,0
DA:827,0
DA:828,0
DA:831,0
DA:837,0
DA:842,0
DA:843,0
DA:844,0
DA:845,0
DA:846,0
DA:849,0
DA:850,0
DA:851,0
DA:854,0
DA:857,0
DA:858,0
DA:860,0
DA:861,0
DA:862,0
DA:863,0
DA:865,0
DA:866,0
DA:867,0
DA:868,0
DA:870,0
DA:872,0
DA:873,0
DA:880,0
DA:884,0
DA:885,0
DA:886,0
DA:888,0
DA:889,0
DA:890,0
DA:893,0
DA:899,0
DA:901,0
DA:904,0
DA:905,0
DA:906,0
DA:908,0
DA:910,0
DA:911,0
DA:915,0
DA:925,0
DA:926,0
DA:927,0
DA:929,0
DA:931,0
DA:932,0
DA:939,0
DA:941,0
DA:942,0
DA:943,0
DA:949,0
DA:950,0
DA:955,0
DA:956,0
DA:959,0
DA:960,0
DA:963,0
DA:965,0
DA:972,0
DA:973,0
DA:974,0
DA:975,0
DA:980,0
DA:981,0
DA:982,0
DA:984,0
DA:985,0
DA:986,0
DA:993,0
DA:996,0
DA:998,0
DA:999,0
DA:1000,0
DA:1003,0
DA:1008,0
DA:1009,0
DA:1010,0
DA:1011,0
DA:1012,0
LF:417
LH:1
end_of_record
SF:lib\presentation\screens\admin\admin_scaffold.dart
DA:21,0
DA:32,0
DA:35,0
DA:36,0
DA:37,0
DA:38,0
DA:40,0
DA:47,0
DA:48,0
DA:49,0
DA:51,0
DA:52,0
DA:53,0
DA:55,0
DA:57,0
DA:58,0
DA:60,0
DA:62,0
DA:65,0
DA:69,0
DA:70,0
DA:71,0
DA:72,0
DA:73,0
DA:74,0
DA:75,0
DA:76,0
DA:77,0
DA:79,0
DA:81,0
DA:82,0
DA:83,0
DA:85,0
DA:87,0
DA:89,0
DA:90,0
DA:92,0
DA:93,0
DA:95,0
DA:96,0
DA:99,0
DA:100,0
DA:102,0
DA:105,0
DA:106,0
DA:107,0
DA:108,0
DA:109,0
DA:123,0
DA:124,0
DA:126,0
DA:128,0
DA:129,0
DA:142,0
DA:143,0
DA:144,0
DA:145,0
DA:151,0
DA:152,0
DA:153,0
DA:154,0
DA:158,0
DA:164,0
DA:169,0
DA:170,0
DA:171,0
DA:173,0
DA:174,0
DA:176,0
DA:179,0
DA:180,0
DA:181,0
DA:182,0
DA:183,0
DA:184,0
DA:186,0
DA:187,0
DA:189,0
DA:196,0
DA:197,0
DA:208,0
DA:209,0
DA:211,0
DA:212,0
DA:213,0
DA:214,0
DA:216,0
DA:217,0
DA:218,0
DA:219,0
DA:221,0
DA:222,0
DA:223,0
DA:226,0
DA:231,0
DA:232,0
DA:233,0
DA:234,0
DA:237,0
DA:241,0
DA:242,0
DA:244,0
DA:246,0
DA:252,0
DA:253,0
DA:264,0
LF:106
LH:0
end_of_record
SF:lib\presentation\screens\admin\tabs\admin_overview_tab.dart
DA:10,5
DA:12,0
DA:13,0
DA:19,0
DA:21,0
DA:23,0
DA:24,0
DA:25,0
DA:26,0
DA:30,0
DA:31,0
DA:32,0
DA:33,0
DA:34,0
DA:35,0
DA:37,0
DA:38,0
DA:39,0
DA:40,0
DA:42,0
DA:43,0
DA:44,0
DA:45,0
DA:47,0
DA:48,0
DA:49,0
DA:50,0
DA:52,0
DA:54,0
DA:56,0
DA:57,0
DA:59,0
DA:62,0
DA:63,0
DA:70,0
DA:71,0
DA:72,0
DA:73,0
DA:79,0
DA:80,0
DA:81,0
DA:82,0
DA:83,0
DA:86,0
DA:87,0
DA:88,0
DA:89,0
DA:94,0
DA:95,0
DA:96,0
DA:101,0
DA:102,0
DA:103,0
DA:108,0
DA:109,0
DA:110,0
DA:127,0
DA:128,0
DA:129,0
DA:130,0
DA:131,0
DA:134,0
DA:136,0
DA:138,0
DA:140,0
DA:141,0
DA:143,0
DA:144,0
DA:145,0
DA:147,0
DA:149,0
DA:150,0
DA:153,0
DA:159,0
DA:160,0
DA:162,0
DA:168,0
DA:172,0
DA:173,0
DA:178,0
DA:180,0
DA:188,0
DA:193,0
DA:194,0
DA:195,0
DA:197,0
DA:198,0
DA:204,0
DA:205,0
DA:207,0
DA:213,0
DA:214,0
DA:215,0
DA:216,0
DA:221,0
DA:223,0
DA:234,0
DA:235,0
DA:237,0
DA:238,0
DA:242,0
DA:244,0
DA:247,0
DA:248,0
DA:249,0
DA:251,0
DA:253,0
DA:254,0
DA:257,0
DA:263,0
DA:264,0
DA:266,0
DA:271,0
DA:274,0
DA:276,0
DA:281,0
DA:283,0
DA:290,0
DA:291,0
DA:293,0
DA:294,0
DA:297,0
DA:298,0
DA:299,0
DA:300,0
DA:301,0
DA:303,0
DA:312,0
DA:313,0
DA:314,0
DA:317,0
DA:318,0
DA:319,0
DA:320,0
DA:321,0
DA:331,0
DA:333,0
DA:337,0
DA:338,0
DA:339,0
DA:340,0
DA:341,0
DA:342,0
DA:344,0
DA:346,0
DA:347,0
DA:348,0
DA:350,0
DA:351,0
DA:357,0
DA:358,0
DA:360,0
DA:361,0
DA:362,0
DA:366,0
DA:367,0
DA:373,0
DA:375,0
DA:384,0
DA:386,0
DA:387,0
DA:388,0
DA:389,0
DA:390,0
DA:391,0
DA:394,0
DA:395,0
DA:396,0
DA:400,0
DA:401,0
DA:402,0
DA:403,0
DA:405,0
DA:406,0
DA:407,0
DA:408,0
DA:409,0
DA:412,0
DA:419,0
DA:421,0
DA:425,0
DA:432,0
DA:434,0
DA:437,0
DA:438,0
DA:439,0
DA:442,0
DA:443,0
DA:444,0
DA:450,0
DA:452,0
DA:453,0
DA:455,0
DA:456,0
DA:457,0
DA:459,0
DA:462,0
DA:464,0
DA:467,0
DA:471,0
DA:473,0
DA:474,0
DA:483,0
DA:484,0
DA:485,0
DA:486,0
DA:487,0
DA:488,0
DA:489,0
DA:490,0
DA:491,0
DA:494,0
DA:496,0
DA:497,0
DA:498,0
DA:500,0
DA:502,0
DA:503,0
DA:506,0
DA:512,0
DA:513,0
DA:515,0
DA:516,0
DA:517,0
DA:518,0
DA:522,0
DA:524,0
DA:526,0
DA:527,0
DA:528,0
DA:529,0
DA:534,0
DA:536,0
DA:546,0
DA:547,0
DA:549,0
DA:550,0
LF:237
LH:1
end_of_record
SF:lib\presentation\screens\admin\tabs\admin_codes_tab.dart
DA:12,5
DA:14,0
DA:15,0
DA:22,0
DA:24,0
DA:26,0
DA:28,0
DA:30,0
DA:31,0
DA:32,0
DA:39,0
DA:40,0
DA:41,0
DA:44,0
DA:45,0
DA:46,0
DA:47,0
DA:50,0
DA:51,0
DA:52,0
DA:58,0
DA:59,0
DA:65,0
DA:66,0
DA:72,0
DA:73,0
DA:85,0
DA:87,0
DA:88,0
DA:89,0
DA:95,0
DA:96,0
DA:97,0
DA:98,0
DA:99,0
DA:100,0
DA:102,0
DA:103,0
DA:105,0
DA:113,0
DA:114,0
DA:115,0
DA:116,0
DA:120,0
DA:123,0
DA:124,0
DA:125,0
DA:126,0
DA:129,0
DA:130,0
DA:131,0
DA:133,0
DA:134,0
DA:140,0
DA:141,0
DA:142,0
DA:144,0
DA:147,0
DA:150,0
DA:157,0
DA:158,0
DA:159,0
DA:163,0
DA:165,0
DA:177,0
DA:185,0
DA:186,0
DA:188,0
DA:189,0
DA:190,0
DA:191,0
DA:194,0
DA:196,0
DA:197,0
DA:199,0
DA:202,0
DA:203,0
DA:204,0
DA:210,0
DA:212,0
DA:213,0
DA:215,0
DA:217,0
DA:218,0
DA:221,0
DA:228,0
DA:230,0
DA:237,0
DA:238,0
DA:239,0
DA:241,0
DA:242,0
DA:256,0
DA:257,0
DA:258,0
DA:259,0
DA:262,0
DA:269,0
DA:270,0
DA:271,0
DA:277,0
DA:280,0
DA:281,0
DA:282,0
DA:285,0
DA:286,0
DA:288,0
DA:289,0
DA:290,0
DA:291,0
DA:293,0
DA:299,0
DA:300,0
DA:301,0
DA:306,0
DA:307,0
DA:308,0
DA:310,0
DA:312,0
DA:313,0
DA:315,0
DA:316,0
DA:317,0
DA:318,0
DA:319,0
DA:321,0
DA:322,0
DA:323,0
DA:324,0
DA:328,0
DA:330,0
DA:334,0
DA:335,0
DA:341,0
DA:343,0
DA:344,0
DA:346,0
DA:347,0
DA:349,0
DA:350,0
DA:351,0
DA:352,0
DA:353,0
DA:360,0
DA:361,0
DA:363,0
DA:364,0
DA:365,0
DA:366,0
DA:367,0
DA:375,0
DA:377,0
DA:378,0
DA:383,0
DA:386,0
DA:387,0
DA:388,0
DA:389,0
DA:391,0
DA:392,0
DA:393,0
DA:395,0
DA:397,0
DA:401,0
DA:402,0
DA:403,0
DA:405,0
DA:406,0
DA:408,0
DA:409,0
DA:410,0
DA:415,0
DA:417,0
DA:419,0
DA:420,0
DA:421,0
DA:423,0
DA:425,0
DA:426,0
DA:427,0
DA:431,0
DA:432,0
DA:440,0
DA:441,0
DA:442,0
DA:443,0
DA:448,0
DA:449,0
DA:450,0
DA:452,0
DA:461,0
DA:462,0
DA:464,0
DA:465,0
DA:466,0
DA:467,0
DA:469,0
DA:472,0
DA:477,0
DA:479,0
DA:481,0
DA:482,0
DA:489,0
DA:490,0
DA:491,0
DA:492,0
DA:493,0
DA:494,0
DA:495,0
DA:496,0
DA:497,0
DA:498,0
DA:499,0
DA:500,0
DA:501,0
DA:502,0
DA:503,0
DA:509,0
DA:510,0
DA:511,0
DA:515,0
DA:516,0
DA:517,0
DA:518,0
DA:519,0
DA:523,0
DA:524,0
DA:534,0
DA:536,0
DA:537,0
DA:545,0
DA:547,0
DA:548,0
DA:551,0
DA:553,0
DA:555,0
DA:556,0
DA:557,0
DA:560,0
DA:563,0
DA:564,0
DA:567,0
DA:569,0
DA:570,0
DA:579,0
DA:586,0
DA:593,0
DA:598,0
DA:606,0
DA:607,0
DA:621,0
DA:622,0
DA:628,0
DA:629,0
DA:640,0
DA:641,0
DA:642,0
DA:643,0
DA:645,0
DA:647,0
DA:648,0
DA:649,0
DA:652,0
DA:653,0
DA:654,0
DA:655,0
DA:656,0
DA:657,0
DA:666,0
DA:673,0
DA:674,0
DA:675,0
DA:676,0
DA:677,0
DA:680,0
DA:681,0
DA:682,0
DA:683,0
DA:686,0
DA:688,0
DA:689,0
DA:690,0
DA:692,0
DA:693,0
DA:695,0
DA:696,0
DA:697,0
DA:700,0
DA:701,0
DA:705,0
DA:712,0
DA:714,0
DA:716,0
DA:717,0
LF:294
LH:1
end_of_record
SF:lib\presentation\screens\admin\tabs\admin_craftsmen_tab.dart
DA:11,5
DA:13,0
DA:14,0
DA:20,0
DA:22,0
[...]
DA:15,0
DA:18,0
DA:20,0
DA:24,0
DA:25,0
DA:28,0
DA:30,0
DA:34,0
DA:35,0
DA:36,0
DA:39,0
DA:41,0
DA:45,0
DA:48,0
DA:50,0
DA:52,0
DA:53,0
DA:54,0
DA:60,0
DA:61,0
DA:63,0
DA:65,0
DA:66,0
DA:67,0
DA:68,0
DA:72,0
DA:74,0
DA:82,0
DA:84,0
DA:86,0
DA:88,0
DA:89,0
DA:90,0
DA:91,0
DA:92,0
DA:93,0
DA:94,0
DA:103,0
DA:104,0
DA:105,0
DA:106,0
DA:107,0
DA:108,0
DA:109,0
DA:110,0
DA:116,0
DA:117,0
DA:119,0
DA:125,0
DA:130,0
DA:131,0
DA:132,0
DA:133,0
DA:140,0
DA:141,0
DA:142,0
DA:143,0
DA:144,0
DA:145,0
DA:146,0
DA:147,0
DA:150,0
DA:158,0
DA:159,0
DA:160,0
DA:161,0
DA:162,0
DA:163,0
DA:164,0
DA:165,0
DA:166,0
DA:167,0
DA:168,0
DA:171,0
DA:185,0
DA:186,0
DA:187,0
DA:188,0
DA:191,0
DA:193,0
DA:194,0
DA:195,0
DA:196,0
DA:199,0
DA:201,0
DA:202,0
DA:203,0
DA:204,0
DA:205,0
DA:206,0
DA:207,0
DA:208,0
DA:211,0
LF:95
LH:0
end_of_record
SF:lib\presentation\screens\settings\settings_screen.dart
DA:40,0
DA:45,0
DA:48,0
DA:49,0
DA:50,0
DA:52,0
DA:53,0
DA:55,0
DA:57,0
DA:59,0
DA:63,0
DA:64,0
DA:67,0
DA:69,0
DA:70,0
DA:75,0
DA:76,0
DA:77,0
DA:78,0
DA:81,0
DA:82,0
DA:85,0
DA:86,0
DA:87,0
DA:88,0
DA:91,0
DA:92,0
DA:93,0
DA:94,0
DA:97,0
DA:98,0
DA:100,0
DA:105,0
DA:106,0
DA:107,0
DA:108,0
DA:111,0
DA:112,0
DA:115,0
DA:116,0
DA:125,0
DA:126,0
DA:127,0
DA:129,0
DA:131,0
DA:132,0
DA:133,0
DA:135,0
DA:136,0
DA:137,0
DA:141,0
DA:143,0
DA:144,0
DA:149,0
DA:150,0
DA:152,0
DA:153,0
DA:154,0
DA:155,0
DA:157,0
DA:158,0
DA:163,0
DA:164,0
DA:166,0
DA:167,0
DA:168,0
DA:170,0
DA:176,0
DA:177,0
DA:178,0
DA:179,0
DA:180,0
DA:181,0
DA:182,0
DA:183,0
DA:190,0
DA:192,0
DA:193,0
DA:195,0
DA:196,0
DA:204,0
DA:206,0
DA:207,0
DA:208,0
DA:211,0
DA:217,0
DA:218,0
DA:219,0
DA:220,0
DA:221,0
DA:222,0
DA:223,0
DA:236,0
DA:237,0
DA:238,0
DA:239,0
DA:241,0
DA:245,0
DA:246,0
DA:247,0
DA:248,0
DA:249,0
DA:250,0
DA:254,0
DA:255,0
DA:257,0
DA:258,0
DA:259,0
DA:260,0
DA:261,0
DA:266,0
DA:268,0
DA:270,0
DA:271,0
DA:272,0
DA:273,0
DA:282,0
DA:285,0
DA:287,0
DA:289,0
DA:290,0
DA:291,0
DA:292,0
DA:293,0
DA:294,0
DA:300,0
DA:301,0
DA:303,0
DA:308,0
DA:309,0
DA:311,0
DA:312,0
DA:313,0
DA:314,0
DA:319,0
DA:320,0
DA:322,0
DA:329,0
DA:331,0
DA:332,0
DA:333,0
DA:335,0
DA:336,0
DA:338,0
DA:340,0
DA:342,0
DA:345,0
DA:346,0
DA:347,0
DA:349,0
DA:351,0
DA:352,0
DA:354,0
DA:355,0
DA:356,0
DA:357,0
DA:370,0
DA:372,0
DA:374,0
DA:375,0
DA:378,0
DA:379,0
DA:381,0
DA:384,0
DA:385,0
DA:387,0
DA:390,0
DA:391,0
DA:405,0
DA:410,0
DA:412,0
DA:413,0
DA:414,0
DA:415,0
DA:417,0
DA:419,0
DA:420,0
DA:422,0
DA:424,0
DA:437,0
DA:443,0
DA:444,0
DA:446,0
DA:448,0
DA:449,0
DA:450,0
DA:452,0
DA:459,0
DA:461,0
DA:464,0
DA:472,0
DA:473,0
DA:475,0
DA:477,0
DA:478,0
DA:486,0
DA:492,0
DA:494,0
DA:495,0
DA:496,0
DA:499,0
DA:500,0
DA:501,0
DA:504,0
DA:507,0
DA:508,0
DA:509,0
DA:512,0
DA:515,0
DA:516,0
DA:517,0
DA:525,0
DA:530,0
DA:531,0
DA:533,0
DA:534,0
DA:535,0
DA:538,0
DA:540,0
DA:543,0
DA:546,0
DA:548,0
DA:556,0
DA:557,0
DA:558,0
DA:559,0
DA:561,0
DA:562,0
DA:563,0
DA:566,0
DA:567,0
DA:568,0
DA:571,0
DA:575,0
DA:576,0
DA:584,0
DA:591,0
DA:593,0
DA:594,0
DA:596,0
DA:597,0
DA:599,0
DA:601,0
DA:603,0
DA:605,0
DA:606,0
DA:609,0
DA:611,0
DA:613,0
DA:614,0
DA:617,0
DA:618,0
DA:622,0
DA:624,0
DA:628,0
DA:629,0
DA:642,0
DA:643,0
DA:644,0
DA:645,0
DA:647,0
DA:648,0
DA:649,0
DA:650,0
DA:653,0
DA:655,0
DA:657,0
DA:658,0
DA:660,0
DA:661,0
DA:667,0
DA:669,0
DA:670,0
DA:671,0
DA:672,0
DA:675,0
DA:676,0
DA:678,0
DA:679,0
DA:681,0
DA:682,0
DA:695,0
DA:696,0
DA:697,0
DA:698,0
DA:699,0
DA:701,0
DA:702,0
DA:703,0
DA:704,0
DA:705,0
DA:706,0
DA:708,0
DA:714,0
DA:717,0
DA:719,0
DA:720,0
DA:723,0
DA:724,0
DA:726,0
DA:727,0
DA:738,0
DA:739,0
DA:740,0
DA:741,0
DA:742,0
DA:744,0
DA:746,0
DA:747,0
DA:748,0
DA:749,0
DA:751,0
DA:752,0
DA:757,0
DA:759,0
DA:760,0
DA:769,0
DA:771,0
DA:773,0
DA:774,0
DA:778,0
DA:780,0
DA:782,0
DA:783,0
DA:785,0
DA:786,0
DA:797,0
DA:798,0
DA:800,0
DA:801,0
DA:803,0
DA:804,0
DA:806,0
DA:809,0
DA:815,0
DA:816,0
DA:817,0
DA:818,0
DA:824,0
DA:825,0
DA:826,0
DA:829,0
DA:838,0
DA:839,0
DA:840,0
DA:845,0
DA:847,0
DA:848,0
DA:849,0
DA:851,0
DA:852,0
DA:861,0
DA:862,0
DA:864,0
DA:865,0
DA:866,0
DA:867,0
DA:868,0
DA:873,0
DA:875,0
DA:876,0
DA:878,0
DA:879,0
DA:881,0
DA:882,0
DA:884,0
DA:891,0
DA:892,0
DA:893,0
DA:895,0
DA:896,0
DA:897,0
DA:898,0
DA:906,0
DA:907,0
DA:908,0
DA:909,0
DA:910,0
DA:911,0
DA:912,0
DA:916,0
DA:918,0
DA:921,0
DA:922,0
DA:923,0
DA:924,0
DA:925,0
DA:926,0
DA:928,0
DA:930,0
DA:931,0
DA:933,0
DA:934,0
DA:935,0
DA:950,0
DA:952,0
DA:953,0
DA:954,0
DA:955,0
DA:956,0
DA:957,0
DA:963,0
DA:968,0
DA:969,0
DA:981,0
DA:982,0
DA:985,0
DA:987,0
DA:988,0
DA:989,0
DA:990,0
DA:992,0
DA:993,0
DA:994,0
DA:997,0
DA:1000,0
DA:1002,0
DA:1003,0
DA:1004,0
DA:1008,0
DA:1016,0
DA:1018,0
DA:1019,0
DA:1020,0
DA:1021,0
DA:1022,0
DA:1024,0
DA:1025,0
DA:1027,0
DA:1028,0
DA:1038,0
DA:1039,0
DA:1040,0
DA:1041,0
DA:1043,0
DA:1046,0
DA:1047,0
DA:1048,0
DA:1050,0
DA:1054,0
DA:1057,0
DA:1058,0
DA:1060,0
DA:1062,0
DA:1064,0
DA:1068,0
DA:1070,0
DA:1071,0
DA:1072,0
DA:1073,0
DA:1074,0
DA:1075,0
DA:1082,0
DA:1083,0
DA:1084,0
DA:1085,0
DA:1086,0
DA:1096,0
DA:1097,0
DA:1098,0
DA:1099,0
DA:1100,0
DA:1101,0
DA:1111,0
DA:1113,0
DA:1116,0
DA:1117,0
DA:1118,0
DA:1119,0
DA:1120,0
DA:1127,0
DA:1128,0
DA:1129,0
DA:1130,0
DA:1131,0
DA:1139,0
DA:1152,0
DA:1164,0
DA:1165,0
DA:1166,0
DA:1167,0
DA:1168,0
DA:1170,0
DA:1175,0
DA:1176,0
DA:1177,0
DA:1178,0
DA:1182,0
DA:1184,0
DA:1186,0
DA:1188,0
DA:1191,0
DA:1193,0
DA:1194,0
DA:1198,0
DA:1199,0
DA:1203,0
DA:1204,0
DA:1205,0
DA:1207,0
DA:1212,0
DA:1213,0
DA:1217,0
DA:1219,0
DA:1220,0
DA:1221,0
DA:1222,0
DA:1227,0
DA:1229,0
DA:1233,0
DA:1235,0
DA:1236,0
DA:1237,0
DA:1242,0
DA:1243,0
DA:1247,0
DA:1249,0
DA:1250,0
DA:1251,0
DA:1252,0
DA:1263,0
DA:1271,0
DA:1272,0
DA:1273,0
DA:1274,0
DA:1276,0
DA:1277,0
DA:1279,0
DA:1280,0
DA:1281,0
DA:1284,0
DA:1285,0
DA:1286,0
DA:1288,0
DA:1291,0
DA:1292,0
DA:1294,0
DA:1295,0
DA:1297,0
DA:1299,0
DA:1301,0
DA:1302,0
DA:1303,0
DA:1304,0
DA:1310,0
DA:1312,0
DA:1313,0
DA:1314,0
DA:1315,0
DA:1325,0
DA:1327,0
DA:1329,0
DA:1330,0
DA:1331,0
DA:1332,0
DA:1333,0
DA:1334,0
DA:1335,0
DA:1337,0
DA:1338,0
DA:1339,0
DA:1343,0
DA:1349,0
DA:1351,0
DA:1353,0
DA:1355,0
DA:1356,0
DA:1357,0
LF:568
LH:0
end_of_record
SF:lib\presentation\screens\subscription\subscription_locked_screen.dart
DA:23,0
DA:28,0
DA:30,0
DA:38,0
DA:40,0
DA:41,0
DA:44,0
DA:46,0
DA:49,0
DA:51,0
DA:52,0
DA:53,0
DA:55,0
DA:57,0
DA:61,0
DA:64,0
DA:74,0
DA:75,0
DA:76,0
DA:85,0
DA:86,0
DA:87,0
DA:88,0
DA:94,0
DA:96,0
DA:97,0
DA:98,0
DA:104,0
DA:107,0
DA:109,0
DA:111,0
DA:112,0
DA:113,0
DA:114,0
DA:116,0
DA:119,0
DA:120,0
DA:121,0
DA:122,0
DA:123,0
DA:124,0
DA:133,0
DA:134,0
DA:141,0
DA:143,0
DA:144,0
DA:147,0
DA:148,0
DA:150,0
DA:151,0
DA:152,0
DA:153,0
DA:163,0
DA:165,0
DA:166,0
DA:167,0
DA:177,0
DA:178,0
DA:179,0
DA:182,0
DA:183,0
DA:192,0
DA:195,0
DA:196,0
DA:197,0
DA:198,0
DA:200,0
DA:201,0
DA:202,0
DA:205,0
DA:209,0
DA:211,0
DA:213,0
DA:214,0
DA:215,0
DA:217,0
DA:218,0
DA:224,0
DA:226,0
DA:227,0
DA:232,0
DA:235,0
DA:237,0
DA:238,0
DA:240,0
DA:241,0
DA:243,0
DA:245,0
DA:246,0
DA:247,0
DA:248,0
DA:253,0
DA:256,0
DA:257,0
DA:258,0
DA:259,0
DA:260,0
DA:261,0
DA:262,0
DA:263,0
DA:267,0
DA:268,0
DA:269,0
DA:282,0
DA:283,0
DA:284,0
DA:286,0
DA:287,0
DA:291,0
DA:295,0
DA:297,0
DA:300,0
DA:302,0
DA:303,0
DA:306,0
DA:307,0
DA:309,0
DA:311,0
DA:312,0
DA:313,0
DA:314,0
DA:320,0
DA:321,0
DA:322,0
DA:326,0
DA:327,0
DA:333,0
DA:334,0
DA:339,0
DA:341,0
DA:345,0
DA:348,0
DA:349,0
DA:350,0
DA:356,0
DA:357,0
DA:358,0
DA:361,0
DA:364,0
DA:366,0
DA:367,0
DA:373,0
DA:374,0
DA:375,0
DA:376,0
DA:377,0
DA:384,0
DA:385,0
DA:388,0
DA:389,0
DA:392,0
DA:394,0
DA:395,0
DA:397,0
DA:398,0
DA:402,0
DA:403,0
LF:157
LH:0
end_of_record
SF:lib\presentation\screens\onboarding\onboarding_components.dart
DA:13,0
DA:26,0
DA:28,0
DA:30,0
DA:34,0
DA:36,0
DA:38,0
DA:40,0
DA:42,0
DA:44,0
DA:45,0
DA:47,0
DA:49,0
DA:53,0
DA:54,0
DA:55,0
DA:58,0
DA:59,0
DA:60,0
DA:62,0
DA:72,0
DA:73,0
DA:74,0
DA:84,0
DA:85,0
DA:86,0
LF:26
LH:0
end_of_record
SF:lib\presentation\screens\profile\avatar_selector_screen.dart
DA:13,5
DA:19,0
DA:20,0
DA:38,0
DA:40,0
DA:41,0
DA:42,0
DA:43,0
DA:44,0
DA:48,0
DA:50,0
DA:51,0
DA:54,0
DA:55,0
DA:58,0
DA:59,0
DA:61,0
DA:63,0
DA:66,0
DA:67,0
DA:68,0
DA:72,0
DA:74,0
DA:75,0
DA:76,0
DA:77,0
DA:78,0
DA:79,0
DA:80,0
DA:81,0
DA:82,0
DA:85,0
DA:86,0
DA:87,0
DA:107,0
DA:108,0
DA:110,0
DA:111,0
DA:113,0
DA:117,0
DA:119,0
DA:120,0
DA:122,0
DA:124,0
DA:125,0
DA:126,0
DA:129,0
DA:131,0
DA:132,0
DA:133,0
DA:136,0
DA:137,0
DA:138,0
DA:140,0
DA:145,0
DA:151,0
DA:152,0
DA:154,0
DA:155,0
DA:167,0
DA:168,0
DA:169,0
DA:170,0
DA:171,0
DA:172,0
DA:173,0
DA:175,0
DA:181,0
DA:183,0
DA:184,0
DA:185,0
DA:189,0
DA:191,0
DA:193,0
DA:194,0
DA:195,0
DA:196,0
DA:198,0
DA:199,0
DA:200,0
DA:201,0
DA:204,0
DA:207,0
DA:209,0
DA:211,0
DA:212,0
DA:215,0
DA:219,0
DA:221,0
DA:223,0
DA:226,0
DA:227,0
DA:229,0
DA:236,0
DA:237,0
DA:238,0
DA:259,0
DA:262,0
DA:263,0
DA:264,0
DA:266,0
DA:269,0
DA:270,0
DA:273,0
DA:274,0
LF:105
LH:1
end_of_record
SF:lib\presentation\screens\settings\change_password_screen.dart
DA:13,5
DA:15,0
DA:16,0
DA:29,0
DA:31,0
DA:32,0
DA:33,0
DA:34,0
DA:37,0
DA:39,0
DA:40,0
DA:41,0
DA:43,0
DA:45,0
DA:47,0
DA:48,0
DA:49,0
DA:51,0
DA:53,0
DA:56,0
DA:61,0
DA:62,0
DA:63,0
DA:64,0
DA:65,0
DA:67,0
DA:68,0
DA:69,0
DA:73,0
DA:74,0
DA:75,0
DA:80,0
DA:81,0
DA:82,0
DA:90,0
DA:91,0
DA:92,0
DA:93,0
DA:94,0
DA:96,0
DA:97,0
DA:98,0
DA:102,0
DA:103,0
DA:104,0
DA:109,0
DA:110,0
DA:111,0
DA:113,0
DA:114,0
DA:122,0
DA:123,0
DA:124,0
DA:125,0
DA:126,0
DA:128,0
DA:129,0
DA:130,0
DA:134,0
DA:135,0
DA:136,0
DA:141,0
DA:142,0
DA:143,0
DA:151,0
DA:152,0
DA:153,0
DA:156,0
DA:165,0
DA:174,0
DA:175,0
DA:177,0
DA:178,0
DA:181,0
DA:182,0
DA:183,0
DA:187,0
DA:188,0
DA:189,0
DA:191,0
DA:194,0
DA:196,0
DA:197,0
DA:198,0
DA:199,0
DA:203,0
DA:205,0
DA:206,0
DA:207,0
DA:208,0
DA:209,0
DA:210,0
DA:211,0
DA:212,0
DA:214,0
DA:215,0
DA:216,0
DA:217,0
DA:223,0
DA:224,0
DA:225,0
DA:226,0
DA:232,0
DA:233,0
LF:104
LH:1
end_of_record
SF:lib\presentation\screens\settings\edit_profile_screen.dart
DA:27,0
DA:29,0
DA:30,0
DA:48,0
DA:50,0
DA:51,0
DA:52,0
DA:54,0
DA:55,0
DA:56,0
DA:57,0
DA:58,0
DA:59,0
DA:60,0
DA:61,0
DA:62,0
DA:65,0
DA:67,0
DA:68,0
DA:69,0
DA:70,0
DA:71,0
DA:74,0
DA:76,0
DA:78,0
DA:79,0
DA:81,0
DA:82,0
DA:83,0
DA:84,0
DA:85,0
DA:91,0
DA:95,0
DA:97,0
DA:99,0
DA:100,0
DA:101,0
DA:102,0
DA:104,0
DA:108,0
DA:110,0
DA:113,0
DA:114,0
DA:116,0
DA:117,0
DA:121,0
DA:124,0
DA:126,0
DA:128,0
DA:130,0
DA:131,0
DA:135,0
DA:138,0
DA:141,0
DA:142,0
DA:143,0
DA:144,0
DA:147,0
DA:148,0
DA:149,0
DA:154,0
DA:157,0
DA:158,0
DA:159,0
DA:160,0
DA:164,0
DA:165,0
DA:167,0
DA:170,0
DA:171,0
DA:172,0
DA:173,0
DA:174,0
DA:175,0
DA:177,0
DA:178,0
DA:179,0
DA:180,0
DA:184,0
DA:191,0
DA:192,0
DA:195,0
DA:197,0
DA:198,0
DA:199,0
DA:200,0
DA:201,0
DA:202,0
DA:203,0
DA:212,0
DA:216,0
DA:220,0
DA:221,0
DA:222,0
DA:223,0
DA:227,0
DA:228,0
DA:229,0
DA:230,0
DA:231,0
DA:232,0
DA:233,0
DA:234,0
DA:235,0
DA:236,0
DA:242,0
DA:243,0
DA:244,0
DA:246,0
DA:248,0
DA:251,0
DA:252,0
DA:253,0
DA:254,0
DA:255,0
DA:256,0
DA:257,0
DA:258,0
DA:262,0
DA:266,0
DA:271,0
DA:273,0
DA:275,0
DA:281,0
DA:284,0
DA:285,0
DA:286,0
DA:287,0
DA:288,0
DA:305,0
DA:306,0
DA:307,0
DA:309,0
DA:310,0
DA:313,0
DA:319,0
DA:320,0
DA:322,0
DA:323,0
DA:324,0
DA:325,0
DA:327,0
DA:329,0
DA:333,0
DA:334,0
DA:341,0
DA:353,0
DA:354,0
DA:359,0
DA:360,0
DA:373,0
DA:374,0
DA:375,0
DA:377,0
DA:378,0
DA:379,0
DA:381,0
DA:382,0
DA:384,0
DA:385,0
DA:394,0
DA:395,0
DA:397,0
DA:398,0
DA:401,0
DA:403,0
DA:408,0
DA:410,0
DA:411,0
DA:412,0
DA:414,0
DA:416,0
DA:419,0
DA:420,0
DA:421,0
DA:422,0
DA:423,0
DA:424,0
DA:428,0
DA:429,0
DA:432,0
DA:433,0
DA:438,0
DA:442,0
DA:443,0
DA:446,0
DA:448,0
DA:449,0
DA:450,0
DA:451,0
DA:455,0
DA:458,0
DA:459,0
DA:460,0
DA:461,0
DA:467,0
DA:468,0
LF:197
LH:0
end_of_record
SF:lib\presentation\screens\settings\help_support_screen.dart
DA:12,5
DA:16,0
DA:18,0
DA:20,0
DA:21,0
DA:23,0
DA:25,0
DA:27,0
DA:29,0
DA:31,0
DA:32,0
DA:33,0
DA:35,0
DA:36,0
DA:38,0
DA:40,0
DA:41,0
DA:43,0
DA:45,0
DA:46,0
DA:48,0
DA:50,0
DA:51,0
DA:60,0
DA:65,0
DA:67,0
DA:68,0
DA:70,0
DA:72,0
DA:73,0
DA:78,0
DA:79,0
DA:87,0
DA:92,0
DA:94,0
DA:95,0
DA:96,0
DA:98,0
DA:100,0
DA:101,0
DA:102,0
DA:103,0
DA:104,0
LF:43
LH:1
end_of_record
SF:lib\presentation\screens\settings\notification_settings_screen.dart
DA:12,5
DA:14,0
DA:16,0
DA:27,0
DA:29,0
DA:30,0
DA:33,0
DA:34,0
DA:35,0
DA:36,0
DA:37,0
DA:38,0
DA:39,0
DA:40,0
DA:44,0
DA:45,0
DA:46,0
DA:47,0
DA:48,0
DA:49,0
DA:50,0
DA:53,0
DA:55,0
DA:57,0
DA:58,0
DA:60,0
DA:62,0
DA:64,0
DA:65,0
DA:66,0
DA:68,0
DA:69,0
DA:70,0
DA:71,0
DA:72,0
DA:73,0
DA:74,0
DA:76,0
DA:77,0
DA:78,0
DA:79,0
DA:82,0
DA:88,0
DA:91,0
DA:93,0
DA:94,0
DA:95,0
DA:96,0
DA:104,0
DA:105,0
DA:106,0
DA:107,0
DA:108,0
DA:109,0
DA:110,0
DA:111,0
DA:117,0
DA:118,0
DA:119,0
DA:120,0
DA:121,0
DA:122,0
DA:123,0
DA:124,0
DA:130,0
DA:131,0
DA:132,0
DA:133,0
DA:134,0
DA:135,0
DA:136,0
DA:137,0
DA:143,0
DA:144,0
DA:145,0
DA:146,0
DA:147,0
DA:148,0
DA:149,0
DA:150,0
LF:80
LH:1
end_of_record
SF:lib\presentation\screens\setup\initial_setup_screen.dart
DA:14,5
DA:18,0
DA:19,0
DA:20,0
DA:23,0
DA:24,0
DA:28,0
DA:30,0
DA:31,0
DA:32,0
DA:33,0
DA:35,0
DA:36,0
DA:39,0
DA:41,0
DA:42,0
DA:43,0
DA:45,0
DA:47,0
DA:49,0
DA:51,0
DA:54,0
DA:55,0
DA:56,0
DA:58,0
DA:61,0
DA:62,0
DA:63,0
DA:68,0
DA:69,0
DA:70,0
DA:76,0
DA:79,0
DA:86,0
DA:87,0
DA:89,0
DA:97,0
DA:98,0
DA:100,0
DA:103,0
DA:111,0
DA:112,0
DA:113,0
DA:115,0
DA:121,0
DA:122,0
DA:123,0
DA:124,0
DA:125,0
DA:128,0
DA:129,0
DA:134,0
DA:135,0
DA:136,0
DA:139,0
DA:140,0
DA:150,0
DA:152,0
DA:153,0
DA:154,0
DA:155,0
DA:158,0
DA:159,0
DA:163,0
DA:164,0
DA:166,0
DA:167,0
DA:168,0
DA:177,0
DA:195,0
DA:197,0
DA:200,0
DA:201,0
DA:203,0
DA:206,0
DA:207,0
DA:218,0
DA:225,0
DA:227,0
DA:228,0
DA:229,0
DA:230,0
DA:234,0
DA:235,0
DA:237,0
DA:238,0
DA:242,0
DA:243,0
DA:244,0
DA:248,0
DA:249,0
DA:250,0
DA:252,0
DA:253,0
DA:254,0
DA:255,0
DA:257,0
DA:258,0
DA:259,0
DA:260,0
DA:261,0
DA:263,0
DA:265,0
DA:267,0
DA:269,0
DA:270,0
DA:272,0
DA:273,0
DA:274,0
DA:275,0
DA:276,0
DA:277,0
LF:112
LH:1
end_of_record
SF:lib\presentation\screens\subscription\subscription_plans_screen.dart
DA:13,5
DA:16,0
DA:19,0
DA:21,0
DA:22,0
DA:23,0
DA:24,0
DA:25,0
DA:26,0
DA:28,0
DA:29,0
DA:32,0
DA:33,0
DA:35,0
DA:36,0
DA:37,0
DA:39,0
DA:44,0
DA:45,0
DA:46,0
DA:52,0
DA:54,0
DA:56,0
DA:57,0
DA:58,0
DA:59,0
DA:64,0
DA:65,0
DA:66,0
DA:67,0
DA:71,0
DA:72,0
DA:75,0
DA:77,0
DA:78,0
DA:79,0
DA:80,0
DA:86,0
DA:88,0
DA:89,0
DA:90,0
DA:91,0
DA:93,0
DA:95,0
DA:97,0
DA:98,0
DA:101,0
DA:102,0
DA:103,0
DA:105,0
DA:106,0
DA:107,0
DA:108,0
DA:109,0
DA:110,0
DA:111,0
DA:116,0
DA:118,0
DA:119,0
DA:120,0
DA:121,0
DA:122,0
DA:123,0
DA:124,0
DA:131,0
DA:134,0
DA:136,0
DA:137,0
DA:138,0
DA:140,0
DA:141,0
DA:142,0
DA:143,0
DA:144,0
DA:145,0
DA:152,0
DA:153,0
DA:154,0
DA:155,0
DA:167,0
DA:169,0
DA:171,0
DA:175,0
DA:176,0
DA:184,0
DA:185,0
DA:187,0
DA:188,0
DA:190,0
DA:191,0
DA:194,0
DA:195,0
LF:92
LH:1
end_of_record
SF:lib\data\repositories\activation_code_repository.dart
DA:24,1
DA:26,0
DA:47,1
DA:51,2
DA:52,2
DA:69,1
DA:70,2
DA:71,2
DA:72,2
DA:92,1
DA:96,2
DA:97,2
DA:112,1
DA:113,2
DA:114,2
DA:128,1
DA:129,2
DA:130,2
DA:144,1
DA:145,2
DA:146,2
DA:160,1
DA:161,2
DA:162,2
DA:167,2
DA:168,1
DA:169,1
DA:171,1
DA:175,1
DA:176,1
LF:30
LH:29
end_of_record
SF:lib\data\repositories\craftsman_repository.dart
DA:30,1
DA:33,0
DA:36,0
DA:55,1
DA:56,2
DA:57,2
DA:85,1
DA:92,2
DA:93,2
DA:111,1
DA:112,2
DA:113,2
DA:131,1
DA:132,2
DA:133,2
DA:154,1
DA:155,2
DA:156,2
DA:171,0
DA:173,0
DA:174,0
DA:186,1
DA:187,2
DA:188,2
DA:190,3
DA:191,2
DA:205,1
DA:206,2
DA:209,2
DA:210,2
DA:211,1
DA:212,1
DA:213,1
DA:215,2
LF:34
LH:29
end_of_record
SF:lib\data\repositories\customer_repository.dart
DA:27,1
DA:30,0
DA:33,0
DA:43,1
DA:44,2
DA:45,2
DA:61,1
DA:62,2
DA:63,2
DA:78,0
DA:79,0
DA:80,0
DA:92,0
DA:93,0
DA:96,0
DA:103,1
DA:107,2
DA:108,2
DA:113,1
DA:117,2
DA:118,2
DA:125,1
DA:126,2
DA:128,2
DA:130,1
DA:131,2
DA:132,1
DA:136,1
DA:137,4
DA:138,1
DA:140,1
DA:143,2
LF:32
LH:24
end_of_record
SF:lib\data\services\subscription_service.dart
DA:23,0
DA:26,1
DA:27,0
DA:29,1
DA:31,1
DA:33,0
DA:36,0
DA:49,1
DA:52,2
DA:53,3
DA:54,2
DA:58,1
DA:59,1
DA:60,1
DA:61,1
DA:62,1
DA:64,1
DA:65,2
DA:66,1
DA:69,1
DA:72,1
DA:73,1
DA:74,1
DA:79,1
DA:81,2
DA:84,1
DA:85,1
DA:86,2
DA:89,1
DA:91,1
DA:94,1
DA:95,1
DA:98,1
DA:103,1
DA:104,2
DA:105,1
DA:106,1
DA:110,0
DA:111,0
DA:115,0
DA:116,0
DA:120,0
DA:123,0
DA:124,0
DA:125,0
DA:129,0
DA:130,0
DA:131,0
DA:133,0
DA:141,0
DA:144,0
DA:148,0
DA:151,0
DA:154,0
DA:158,0
DA:160,0
DA:161,0
DA:164,0
DA:172,1
DA:174,5
DA:176,1
DA:179,0
DA:187,0
DA:189,0
DA:190,0
DA:191,0
DA:193,0
DA:194,0
DA:197,0
DA:199,0
DA:201,0
DA:203,0
DA:204,0
DA:206,0
DA:213,0
DA:214,0
DA:218,0
DA:219,0
DA:220,0
DA:222,0
DA:223,0
DA:224,0
DA:230,0
DA:235,0
DA:244,0
DA:254,0
DA:255,0
DA:257,0
DA:260,0
DA:261,0
DA:265,0
DA:266,0
DA:267,0
DA:269,0
DA:272,0
DA:276,0
DA:279,0
DA:281,0
DA:282,0
DA:286,0
DA:288,0
DA:290,0
DA:291,0
DA:292,0
DA:295,0
DA:296,0
DA:299,0
DA:300,0
DA:303,0
DA:304,0
DA:306,0
DA:307,0
DA:309,0
DA:313,0
DA:317,0
DA:318,0
DA:349,1
DA:351,1
DA:355,1
DA:356,1
DA:357,1
DA:358,1
DA:359,1
DA:361,2
DA:362,0
DA:368,2
DA:369,2
DA:370,3
DA:372,1
DA:375,1
DA:377,2
DA:378,3
DA:379,2
DA:382,0
DA:383,0
DA:402,1
DA:413,0
DA:414,0
DA:415,0
DA:417,0
DA:419,0
DA:428,0
DA:430,1
DA:436,1
DA:446,2
DA:452,2
DA:458,2
DA:464,0
DA:470,0
DA:474,0
DA:477,0
DA:480,0
DA:481,0
DA:487,0
DA:488,0
LF:155
LH:58
end_of_record
SF:lib\data\services\device_service.dart
DA:15,0
DA:16,0
DA:18,0
DA:31,0
DA:33,0
DA:35,0
DA:38,0
DA:41,0
DA:42,0
DA:43,0
DA:46,0
DA:50,0
DA:54,0
DA:56,0
DA:59,0
DA:60,0
DA:61,0
DA:64,0
DA:67,0
DA:68,0
DA:71,0
DA:74,0
DA:75,0
DA:76,0
DA:78,0
DA:80,0
DA:81,0
DA:82,0
DA:84,0
DA:91,0
DA:102,0
DA:104,0
DA:105,0
DA:107,0
DA:109,0
DA:110,0
DA:111,0
DA:112,0
DA:113,0
DA:114,0
DA:115,0
DA:116,0
DA:117,0
DA:118,0
DA:119,0
DA:120,0
DA:121,0
DA:123,0
DA:124,0
DA:125,0
DA:127,0
DA:128,0
DA:129,0
DA:130,0
DA:131,0
DA:132,0
DA:133,0
DA:134,0
DA:135,0
DA:136,0
DA:137,0
DA:138,0
DA:141,0
DA:144,0
DA:152,0
LF:65
LH:0
end_of_record
SF:lib\presentation\widgets\level_badge.dart
DA:14,1
DA:20,1
DA:22,3
DA:23,1
DA:25,1
DA:29,1
DA:30,2
DA:31,1
DA:32,1
DA:33,1
DA:34,2
DA:38,1
DA:39,1
DA:40,2
DA:41,2
DA:43,1
DA:44,1
DA:45,1
DA:46,2
DA:50,1
DA:55,1
DA:57,1
DA:58,1
DA:59,1
DA:60,1
DA:61,1
DA:65,1
DA:67,1
DA:68,1
DA:70,3
DA:73,1
DA:75,1
DA:76,2
DA:92,1
DA:97,1
DA:102,3
DA:103,0
DA:104,0
DA:105,0
DA:107,1
DA:108,2
DA:109,2
DA:111,1
DA:112,2
DA:115,1
DA:117,1
DA:120,1
DA:121,1
DA:122,1
DA:128,1
LF:50
LH:47
end_of_record
SF:lib\presentation\widgets\shared\connectivity_indicator.dart
DA:12,1
DA:14,1
DA:15,1
DA:22,1
DA:24,1
DA:25,1
DA:26,1
DA:27,4
DA:30,1
DA:31,2
DA:32,0
DA:35,0
DA:36,0
DA:37,0
DA:38,0
DA:39,0
DA:44,1
DA:46,2
DA:47,1
DA:50,1
DA:52,1
DA:53,1
DA:54,1
DA:55,0
DA:57,0
DA:58,0
DA:59,0
DA:63,0
DA:65,0
DA:67,0
DA:68,0
DA:69,0
DA:79,3
LF:33
LH:18
end_of_record
SF:lib\presentation\screens\splash\splash_screen.dart
DA:20,1
DA:22,1
DA:23,1
DA:34,1
DA:36,1
DA:39,2
DA:45,3
DA:46,1
DA:47,1
DA:53,3
DA:54,1
DA:55,1
DA:61,2
DA:64,1
DA:65,1
DA:66,1
DA:72,2
DA:75,1
DA:78,1
DA:82,1
DA:83,1
DA:84,1
DA:90,0
DA:91,0
DA:92,0
DA:93,0
DA:95,0
DA:97,0
DA:98,0
DA:99,0
DA:111,1
DA:114,2
DA:115,0
DA:116,1
DA:118,0
DA:122,1
DA:124,2
DA:125,1
DA:128,1
DA:131,1
DA:140,1
DA:141,1
DA:142,1
DA:143,1
DA:144,1
DA:145,1
DA:147,1
DA:151,1
DA:152,1
DA:153,1
DA:154,1
DA:155,1
DA:156,1
DA:157,1
DA:165,1
DA:166,1
DA:167,1
DA:173,1
DA:174,1
DA:175,2
DA:176,2
DA:177,1
DA:183,1
DA:189,1
DA:190,1
DA:191,1
DA:207,1
DA:208,1
DA:211,1
DA:213,1
DA:216,1
DA:218,1
DA:221,1
DA:222,1
DA:224,1
DA:225,1
DA:232,1
DA:233,1
DA:235,1
DA:237,1
DA:251,1
DA:252,2
DA:253,1
DA:254,4
DA:259,1
DA:260,0
DA:262,1
DA:263,0
DA:265,1
DA:266,1
DA:267,1
DA:268,3
DA:269,2
DA:274,1
DA:276,1
DA:286,1
DA:288,2
DA:300,1
DA:301,2
DA:302,1
DA:303,4
DA:307,1
DA:308,0
DA:311,1
DA:313,1
DA:315,1
DA:317,1
DA:318,3
DA:319,1
DA:328,1
DA:329,2
DA:330,1
DA:331,4
DA:334,1
DA:335,1
DA:336,1
DA:339,1
DA:341,1
DA:344,0
DA:349,1
DA:350,3
DA:351,1
DA:355,0
LF:123
LH:108
end_of_record
